#
# A fatal error has been detected by the Java Runtime Environment:
#
#  SIGSEGV (0xb) at pc=0x0000000108244467, pid=1633, tid=23299
#
# JRE version: OpenJDK Runtime Environment (17.0+35) (build 17+35-2724)
# Java VM: OpenJDK 64-Bit Server VM (17+35-2724, mixed mode, sharing, tiered, compressed oops, compressed class ptrs, g1 gc, bsd-amd64)
# Problematic frame:
# V  [libjvm.dylib+0x244467]  _ZN10LinearScan32sort_intervals_before_allocationEv+0x157
#
# No core dump will be written. Core dumps have been disabled. To enable core dumping, try "ulimit -c unlimited" before starting Java again
#
# If you would like to submit a bug report, please visit:
#   https://bugreport.java.com/bugreport/crash.jsp
#

---------------  S U M M A R Y ------------

Command Line: -javaagent:/Applications/IntelliJ IDEA CE.app/Contents/lib/idea_rt.jar=50076:/Applications/IntelliJ IDEA CE.app/Contents/bin -Dfile.encoding=UTF-8 javaCalculator

Host: "MacBookAir7,2" x86_64 1800 MHz, 4 cores, 8G, Darwin 20.6.0, macOS 11.6 (20G165)
Time: Thu Dec  2 14:41:29 2021 CST elapsed time: 45.206703 seconds (0d 0h 0m 45s)

---------------  T H R E A D  ---------------

Current thread (0x00007fc75e830c00):  JavaThread "C1 CompilerThread0" daemon [_thread_in_native, id=23299, stack(0x00007000020aa000,0x00007000021aa000)]


Current CompileTask:
C1:  45206 1099   !   3       java.awt.DefaultKeyboardFocusManager::dispatchEvent (1621 bytes)

Stack: [0x00007000020aa000,0x00007000021aa000],  sp=0x00007000021a9440,  free space=1021k
Native frames: (J=compiled Java code, j=interpreted, Vv=VM code, C=native code)
V  [libjvm.dylib+0x244467]  _ZN10LinearScan32sort_intervals_before_allocationEv+0x157
V  [libjvm.dylib+0x2490b1]  _ZN10LinearScan14do_linear_scanEv+0x51
V  [libjvm.dylib+0x1debdd]  _ZN11Compilation8emit_lirEv+0x3fd
V  [libjvm.dylib+0x1df503]  _ZN11Compilation19compile_java_methodEv+0x2a3
V  [libjvm.dylib+0x1df80c]  _ZN11Compilation14compile_methodEv+0x11c
V  [libjvm.dylib+0x1dfc38]  _ZN11CompilationC2EP16AbstractCompilerP5ciEnvP8ciMethodiP10BufferBlobbP12DirectiveSet+0x228
V  [libjvm.dylib+0x1e1231]  _ZN8Compiler14compile_methodEP5ciEnvP8ciMethodibP12DirectiveSet+0x61
V  [libjvm.dylib+0x325c31]  _ZN13CompileBroker25invoke_compiler_on_methodEP11CompileTask+0x651
V  [libjvm.dylib+0x32554e]  _ZN13CompileBroker20compiler_thread_loopEv+0x44e
V  [libjvm.dylib+0x9f0c37]  _ZN10JavaThread17thread_main_innerEv+0x147
V  [libjvm.dylib+0x9ef04a]  _ZN6Thread8call_runEv+0x11a
V  [libjvm.dylib+0x8834d8]  _ZL19thread_native_entryP6Thread+0x148
C  [libsystem_pthread.dylib+0x68fc]  _pthread_start+0xe0
C  [libsystem_pthread.dylib+0x2443]  thread_start+0xf


siginfo: si_signo: 11 (SIGSEGV), si_code: 0 (unknown), si_addr: 0x0000000000000000

Register to memory mapping:

RAX=0x00007fc75e2a9870 points into unknown readable memory: 0x00007fc75f3a2880 | 80 28 3a 5f c7 7f 00 00
RBX=0x0000000000000211 is an unknown value
RCX=0x00397fc75e294d20 is an unknown value
RDX=0x0000000000000218 is an unknown value
RSP=0x00007000021a9440 is pointing into the stack for thread: 0x00007fc75e830c00
RBP=0x00007000021a9460 is pointing into the stack for thread: 0x00007fc75e830c00
RSI=0x00007fc75e294d30 points into unknown readable memory: 0x0000000c00000448 | 48 04 00 00 0c 00 00 00
RDI=0x0000000000000964 is an unknown value
R8 =0x0000000000000964 is an unknown value
R9 =0x0000000000000219 is an unknown value
R10=0x00007fc75e294ab0 points into unknown readable memory: 0x0000000c0000044f | 4f 04 00 00 0c 00 00 00
R11=0x000000000000044f is an unknown value
R12=0x0000000000000bd4 is an unknown value
R13=0x0000000108c9b143: CITime+0 in /Users/ndiagadiop/Library/Java/JavaVirtualMachines/openjdk-17/Contents/Home/lib/server/libjvm.dylib at 0x0000000108000000
R14=0x00007fc7600cd590 points into unknown readable memory: 0x00007000021a9810 | 10 98 1a 02 00 70 00 00
R15=0x00007fc75e2a9850 points into unknown readable memory: 0x0000099e0000099e | 9e 09 00 00 9e 09 00 00


Registers:
RAX=0x00007fc75e2a9870, RBX=0x0000000000000211, RCX=0x00397fc75e294d20, RDX=0x0000000000000218
RSP=0x00007000021a9440, RBP=0x00007000021a9460, RSI=0x00007fc75e294d30, RDI=0x0000000000000964
R8 =0x0000000000000964, R9 =0x0000000000000219, R10=0x00007fc75e294ab0, R11=0x000000000000044f
R12=0x0000000000000bd4, R13=0x0000000108c9b143, R14=0x00007fc7600cd590, R15=0x00007fc75e2a9850
RIP=0x0000000108244467, EFLAGS=0x0000000000010202, ERR=0x0000000000000000
  TRAPNO=0x000000000000000d

Top of Stack: (sp=0x00007000021a9440)
0x00007000021a9440:   00007fc7600cd590 00007fc7600cd590
0x00007000021a9450:   00007000021a9810 00007fc75df17850
0x00007000021a9460:   00007000021a9490 00000001082490b1
0x00007000021a9470:   00007fc7600cd590 00007fc75e85bfb0
0x00007000021a9480:   00007000021a9810 00007fc75df17850
0x00007000021a9490:   00007000021a9610 00000001081debdd
0x00007000021a94a0:   0000000108c11540 0000000108c14a18
0x00007000021a94b0:   0000000108c14bb8 00007000021a9810
0x00007000021a94c0:   00007fc75e068220 0000000200000000
0x00007000021a94d0:   00007fc75e2314e0 0000000000000000
0x00007000021a94e0:   0000000200000000 00007fc75e2314f0
0x00007000021a94f0:   0000000000000000 0000100000000000
0x00007000021a9500:   00007fc760a11010 0000000000000000
0x00007000021a9510:   0000000000000000 ffffffff00000bd4
0x00007000021a9520:   0000100000000bd2 00007fc760a08010
0x00007000021a9530:   0000000000000000 00007fc7601a0c00
0x00007000021a9540:   0000000000003088 0000000000000003
0x00007000021a9550:   00007fc7600cd420 0000000200000000
0x00007000021a9560:   00007fc75e231520 0000000000000000
0x00007000021a9570:   0000000200000000 00007fc75e231530
0x00007000021a9580:   0000000000000000 0000000200000000
0x00007000021a9590:   00007fc75e231540 0000000000000000
0x00007000021a95a0:   00007fc75dd13220 00007fc75e230000
0x00007000021a95b0:   0000000000000000 0000000108c9b143
0x00007000021a95c0:   00007fc75e068200 00007fc75e85bfb0
0x00007000021a95d0:   0000000108b0b168 0000000000000000
0x00007000021a95e0:   0000000000000014 0000000000000000
0x00007000021a95f0:   00007fc700000009 0000000000000001
0x00007000021a9600:   00000000ffffffff 00007000021a9810
0x00007000021a9610:   00007000021a96a0 00000001081df503
0x00007000021a9620:   00007fc75e0696e0 00007fc75f140000
0x00007000021a9630:   0000000000000000 00000001083668c3 

Instructions: (pc=0x0000000108244467)
0x0000000108244367:   eb 43 31 db eb 63 4c 89 e6 48 29 c6 31 d2 31 db
0x0000000108244377:   66 0f 1f 84 00 00 00 00 00 48 83 3c d1 01 83 db
0x0000000108244387:   ff 48 83 7c d1 08 01 83 db ff 48 83 7c d1 10 01
0x0000000108244397:   83 db ff 48 83 7c d1 18 01 83 db ff 48 83 c2 04
0x00000001082443a7:   48 39 d6 75 d4 48 85 c0 74 1f 48 8d 0c d1 31 d2
0x00000001082443b7:   66 0f 1f 84 00 00 00 00 00 48 83 3c d1 01 83 db
0x00000001082443c7:   ff 48 ff c2 48 39 d0 75 f0 bf 18 00 00 00 31 f6
0x00000001082443d7:   e8 04 26 6c 00 48 85 c0 74 3e 49 89 c7 89 df be
0x00000001082443e7:   08 00 00 00 e8 e0 ec 25 00 41 89 1f 41 89 5f 04
0x00000001082443f7:   49 89 47 08 85 db 74 0e 89 de 48 c1 e6 03 48 89
0x0000000108244407:   c7 e8 c9 07 89 00 49 c7 47 10 00 00 00 00 45 85
0x0000000108244417:   e4 7f 11 e9 a5 00 00 00 45 31 ff 45 85 e4 0f 8e
0x0000000108244427:   99 00 00 00 45 31 db 41 b8 ff ff ff ff 45 31 c9
0x0000000108244437:   eb 1d 0f 1f 80 00 00 00 00 49 8b 47 08 48 63 cb
0x0000000108244447:   4c 89 14 c8 41 ff c1 49 ff c3 4d 39 e3 74 6e 49
0x0000000108244457:   8b 4e 58 4e 8b 14 d9 4d 85 d2 74 eb 49 8b 4a 08
0x0000000108244467:   8b 39 41 39 f8 7e 42 44 89 cb 45 85 c9 7e ca 44
0x0000000108244477:   89 ca 48 ff c2 49 63 d9 90 49 8b 4f 08 48 8b 74
0x0000000108244487:   d9 f8 48 8b 46 08 3b 38 7d af 89 d8 48 89 34 c1
0x0000000108244497:   48 ff ca 48 ff cb 48 83 fa 01 7f dd eb 9b 66 2e
0x00000001082444a7:   0f 1f 84 00 00 00 00 00 90 49 8b 4f 08 49 63 d1
0x00000001082444b7:   4c 89 14 d1 49 8b 4a 08 44 8b 01 eb 87 4d 89 7e
0x00000001082444c7:   70 5b 41 5c 41 5e 41 5f 5d c3 66 2e 0f 1f 84 00
0x00000001082444d7:   00 00 00 00 0f 1f 44 00 00 55 48 89 e5 41 57 41
0x00000001082444e7:   56 41 55 41 54 53 48 83 ec 18 48 89 fb 80 7f 78
0x00000001082444f7:   00 74 20 48 8b 43 70 48 8b 78 08 48 63 30 48 8d
0x0000000108244507:   0d a4 fd ff ff ba 08 00 00 00 e8 62 0a 89 00 c6
0x0000000108244517:   43 78 00 48 8b 43 68 48 85 c0 0f 84 41 01 00 00
0x0000000108244527:   4c 63 38 4d 85 ff 0f 84 35 01 00 00 48 89 5d c8
0x0000000108244537:   4c 8b 73 70 41 8b 1e 48 89 45 d0 48 8b 78 08 48
0x0000000108244547:   8d 0d 63 fd ff ff ba 08 00 00 00 4c 89 fe e8 1e
0x0000000108244557:   0a 89 00 48 89 5d c0 45 8d 24 1f bf 18 00 00 00 


Stack slot to memory mapping:
stack at sp + 0 slots: 0x00007fc7600cd590 points into unknown readable memory: 0x00007000021a9810 | 10 98 1a 02 00 70 00 00
stack at sp + 1 slots: 0x00007fc7600cd590 points into unknown readable memory: 0x00007000021a9810 | 10 98 1a 02 00 70 00 00
stack at sp + 2 slots: 0x00007000021a9810 is pointing into the stack for thread: 0x00007fc75e830c00
stack at sp + 3 slots: 0x00007fc75df17850 points into unknown readable memory: 0x2000000000000006 | 06 00 00 00 00 00 00 20
stack at sp + 4 slots: 0x00007000021a9490 is pointing into the stack for thread: 0x00007fc75e830c00
stack at sp + 5 slots: 0x00000001082490b1: _ZN10LinearScan14do_linear_scanEv+0x51 in /Users/ndiagadiop/Library/Java/JavaVirtualMachines/openjdk-17/Contents/Home/lib/server/libjvm.dylib at 0x0000000108000000
stack at sp + 6 slots: 0x00007fc7600cd590 points into unknown readable memory: 0x00007000021a9810 | 10 98 1a 02 00 70 00 00
stack at sp + 7 slots: 0x00007fc75e85bfb0 points into unknown readable memory: 0x00000002ffffffff | ff ff ff ff 02 00 00 00


---------------  P R O C E S S  ---------------

Threads class SMR info:
_java_thread_list=0x00007fc75dce3f10, length=19, elements={
0x00007fc75e055400, 0x00007fc76003ea00, 0x00007fc75f009200, 0x00007fc75f018200,
0x00007fc75e056400, 0x00007fc75f01d600, 0x00007fc75e830c00, 0x00007fc76003fe00,
0x00007fc76003f600, 0x00007fc75e8c6000, 0x00007fc75e056a00, 0x00007fc75f01dc00,
0x00007fc75f0c1e00, 0x00007fc75e12d600, 0x00007fc75f113400, 0x00007fc75f01b200,
0x00007fc75f158000, 0x00007fc75e831c00, 0x00007fc75e9b3800
}

Java Threads: ( => current thread )
  0x00007fc75e055400 JavaThread "Reference Handler" daemon [_thread_blocked, id=16643, stack(0x0000700001992000,0x0000700001a92000)]
  0x00007fc76003ea00 JavaThread "Finalizer" daemon [_thread_blocked, id=16131, stack(0x0000700001a95000,0x0000700001b95000)]
  0x00007fc75f009200 JavaThread "Signal Dispatcher" daemon [_thread_blocked, id=42499, stack(0x0000700001c9e000,0x0000700001d9e000)]
  0x00007fc75f018200 JavaThread "Service Thread" daemon [_thread_blocked, id=41987, stack(0x0000700001da1000,0x0000700001ea1000)]
  0x00007fc75e056400 JavaThread "Monitor Deflation Thread" daemon [_thread_blocked, id=23043, stack(0x0000700001ea4000,0x0000700001fa4000)]
  0x00007fc75f01d600 JavaThread "C2 CompilerThread0" daemon [_thread_in_native, id=41219, stack(0x0000700001fa7000,0x00007000020a7000)]
=>0x00007fc75e830c00 JavaThread "C1 CompilerThread0" daemon [_thread_in_native, id=23299, stack(0x00007000020aa000,0x00007000021aa000)]
  0x00007fc76003fe00 JavaThread "Sweeper thread" daemon [_thread_blocked, id=40707, stack(0x00007000021ad000,0x00007000022ad000)]
  0x00007fc76003f600 JavaThread "Common-Cleaner" daemon [_thread_blocked, id=24067, stack(0x00007000022b0000,0x00007000023b0000)]
  0x00007fc75e8c6000 JavaThread "Monitor Ctrl-Break" daemon [_thread_in_native, id=40195, stack(0x00007000023b3000,0x00007000024b3000)]
  0x00007fc75e056a00 JavaThread "Notification Thread" daemon [_thread_blocked, id=39939, stack(0x00007000024b6000,0x00007000025b6000)]
  0x00007fc75f01dc00 JavaThread "AppKit Thread" daemon [_thread_in_native, id=259, stack(0x00007ffee98cd000,0x00007ffeea0cd000)]
  0x00007fc75f0c1e00 JavaThread "AWT-Shutdown" [_thread_blocked, id=29979, stack(0x00007000026bc000,0x00007000027bc000)]
  0x00007fc75e12d600 JavaThread "Java2D Queue Flusher" daemon [_thread_blocked, id=77067, stack(0x0000700002948000,0x0000700002a48000)]
  0x00007fc75f113400 JavaThread "Java2D Disposer" daemon [_thread_blocked, id=54275, stack(0x0000700002a4b000,0x0000700002b4b000)]
  0x00007fc75f01b200 JavaThread "Attach Listener" daemon [_thread_blocked, id=56079, stack(0x0000700002b4e000,0x0000700002c4e000)]
  0x00007fc75f158000 JavaThread "AWT-EventQueue-0" [_thread_blocked, id=69131, stack(0x0000700002c51000,0x0000700002d51000)]
  0x00007fc75e831c00 JavaThread "DestroyJavaVM" [_thread_blocked, id=10243, stack(0x000070000127d000,0x000070000137d000)]
  0x00007fc75e9b3800 JavaThread "TimerQueue" daemon [_thread_blocked, id=57903, stack(0x0000700002d54000,0x0000700002e54000)]

Other Threads:
  0x00007fc75df14ef0 VMThread "VM Thread" [stack: 0x000070000188f000,0x000070000198f000] [id=16899]
  0x00007fc75dc36b00 WatcherThread [stack: 0x00007000025b9000,0x00007000026b9000] [id=39427]
  0x00007fc75dd14510 GCTaskThread "GC Thread#0" [stack: 0x0000700001380000,0x0000700001480000] [id=19715]
  0x00007fc75dd15360 ConcurrentGCThread "G1 Main Marker" [stack: 0x0000700001483000,0x0000700001583000] [id=12291]
  0x00007fc75de0f360 ConcurrentGCThread "G1 Conc#0" [stack: 0x0000700001586000,0x0000700001686000] [id=12803]
  0x00007fc75df0c6b0 ConcurrentGCThread "G1 Refine#0" [stack: 0x0000700001689000,0x0000700001789000] [id=13571]
  0x00007fc75df0d2d0 ConcurrentGCThread "G1 Service" [stack: 0x000070000178c000,0x000070000188c000] [id=14083]

Threads with active compile tasks:
C2 CompilerThread0    45233 1118   !   4       sun.awt.AppContext::get (123 bytes)
C1 CompilerThread0    45233 1099   !   3       java.awt.DefaultKeyboardFocusManager::dispatchEvent (1621 bytes)

VM state: not at safepoint (normal execution)

VM Mutex/Monitor currently owned by a thread: None

Heap address: 0x0000000780000000, size: 2048 MB, Compressed Oops mode: Zero based, Oop shift amount: 3

CDS archive(s) mapped at: [0x0000000800000000-0x0000000800bd0000-0x0000000800bd0000), size 12386304, SharedBaseAddress: 0x0000000800000000, ArchiveRelocationMode: 0.
Compressed class space mapped at: 0x0000000800c00000-0x0000000840c00000, reserved size: 1073741824
Narrow klass base: 0x0000000800000000, Narrow klass shift: 0, Narrow klass range: 0x100000000

GC Precious Log:
 CPUs: 4 total, 4 available
 Memory: 8192M
 Large Page Support: Disabled
 NUMA Support: Disabled
 Compressed Oops: Enabled (Zero based)
 Heap Region Size: 1M
 Heap Min Capacity: 8M
 Heap Initial Capacity: 128M
 Heap Max Capacity: 2G
 Pre-touch: Disabled
 Parallel Workers: 4
 Concurrent Workers: 1
 Concurrent Refinement Workers: 4
 Periodic GC: Disabled

Heap:
 garbage-first heap   total 133120K, used 9168K [0x0000000780000000, 0x0000000800000000)
  region size 1024K, 9 young (9216K), 0 survivors (0K)
 Metaspace       used 8862K, committed 9024K, reserved 1056768K
  class space    used 1019K, committed 1088K, reserved 1048576K

Heap Regions: E=young(eden), S=young(survivor), O=old, HS=humongous(starts), HC=humongous(continues), CS=collection set, F=free, OA=open archive, CA=closed archive, TAMS=top-at-mark-start (previous, next)
|   0|0x0000000780000000, 0x0000000780000000, 0x0000000780100000|  0%| F|  |TAMS 0x0000000780000000, 0x0000000780000000| Untracked 
|   1|0x0000000780100000, 0x0000000780100000, 0x0000000780200000|  0%| F|  |TAMS 0x0000000780100000, 0x0000000780100000| Untracked 
|   2|0x0000000780200000, 0x0000000780200000, 0x0000000780300000|  0%| F|  |TAMS 0x0000000780200000, 0x0000000780200000| Untracked 
|   3|0x0000000780300000, 0x0000000780300000, 0x0000000780400000|  0%| F|  |TAMS 0x0000000780300000, 0x0000000780300000| Untracked 
|   4|0x0000000780400000, 0x0000000780400000, 0x0000000780500000|  0%| F|  |TAMS 0x0000000780400000, 0x0000000780400000| Untracked 
|   5|0x0000000780500000, 0x0000000780500000, 0x0000000780600000|  0%| F|  |TAMS 0x0000000780500000, 0x0000000780500000| Untracked 
|   6|0x0000000780600000, 0x0000000780600000, 0x0000000780700000|  0%| F|  |TAMS 0x0000000780600000, 0x0000000780600000| Untracked 
|   7|0x0000000780700000, 0x0000000780700000, 0x0000000780800000|  0%| F|  |TAMS 0x0000000780700000, 0x0000000780700000| Untracked 
|   8|0x0000000780800000, 0x0000000780800000, 0x0000000780900000|  0%| F|  |TAMS 0x0000000780800000, 0x0000000780800000| Untracked 
|   9|0x0000000780900000, 0x0000000780900000, 0x0000000780a00000|  0%| F|  |TAMS 0x0000000780900000, 0x0000000780900000| Untracked 
|  10|0x0000000780a00000, 0x0000000780a00000, 0x0000000780b00000|  0%| F|  |TAMS 0x0000000780a00000, 0x0000000780a00000| Untracked 
|  11|0x0000000780b00000, 0x0000000780b00000, 0x0000000780c00000|  0%| F|  |TAMS 0x0000000780b00000, 0x0000000780b00000| Untracked 
|  12|0x0000000780c00000, 0x0000000780c00000, 0x0000000780d00000|  0%| F|  |TAMS 0x0000000780c00000, 0x0000000780c00000| Untracked 
|  13|0x0000000780d00000, 0x0000000780d00000, 0x0000000780e00000|  0%| F|  |TAMS 0x0000000780d00000, 0x0000000780d00000| Untracked 
|  14|0x0000000780e00000, 0x0000000780e00000, 0x0000000780f00000|  0%| F|  |TAMS 0x0000000780e00000, 0x0000000780e00000| Untracked 
|  15|0x0000000780f00000, 0x0000000780f00000, 0x0000000781000000|  0%| F|  |TAMS 0x0000000780f00000, 0x0000000780f00000| Untracked 
|  16|0x0000000781000000, 0x0000000781000000, 0x0000000781100000|  0%| F|  |TAMS 0x0000000781000000, 0x0000000781000000| Untracked 
|  17|0x0000000781100000, 0x0000000781100000, 0x0000000781200000|  0%| F|  |TAMS 0x0000000781100000, 0x0000000781100000| Untracked 
|  18|0x0000000781200000, 0x0000000781200000, 0x0000000781300000|  0%| F|  |TAMS 0x0000000781200000, 0x0000000781200000| Untracked 
|  19|0x0000000781300000, 0x0000000781300000, 0x0000000781400000|  0%| F|  |TAMS 0x0000000781300000, 0x0000000781300000| Untracked 
|  20|0x0000000781400000, 0x0000000781400000, 0x0000000781500000|  0%| F|  |TAMS 0x0000000781400000, 0x0000000781400000| Untracked 
|  21|0x0000000781500000, 0x0000000781500000, 0x0000000781600000|  0%| F|  |TAMS 0x0000000781500000, 0x0000000781500000| Untracked 
|  22|0x0000000781600000, 0x0000000781600000, 0x0000000781700000|  0%| F|  |TAMS 0x0000000781600000, 0x0000000781600000| Untracked 
|  23|0x0000000781700000, 0x0000000781700000, 0x0000000781800000|  0%| F|  |TAMS 0x0000000781700000, 0x0000000781700000| Untracked 
|  24|0x0000000781800000, 0x0000000781800000, 0x0000000781900000|  0%| F|  |TAMS 0x0000000781800000, 0x0000000781800000| Untracked 
|  25|0x0000000781900000, 0x0000000781900000, 0x0000000781a00000|  0%| F|  |TAMS 0x0000000781900000, 0x0000000781900000| Untracked 
|  26|0x0000000781a00000, 0x0000000781a00000, 0x0000000781b00000|  0%| F|  |TAMS 0x0000000781a00000, 0x0000000781a00000| Untracked 
|  27|0x0000000781b00000, 0x0000000781b00000, 0x0000000781c00000|  0%| F|  |TAMS 0x0000000781b00000, 0x0000000781b00000| Untracked 
|  28|0x0000000781c00000, 0x0000000781c00000, 0x0000000781d00000|  0%| F|  |TAMS 0x0000000781c00000, 0x0000000781c00000| Untracked 
|  29|0x0000000781d00000, 0x0000000781d00000, 0x0000000781e00000|  0%| F|  |TAMS 0x0000000781d00000, 0x0000000781d00000| Untracked 
|  30|0x0000000781e00000, 0x0000000781e00000, 0x0000000781f00000|  0%| F|  |TAMS 0x0000000781e00000, 0x0000000781e00000| Untracked 
|  31|0x0000000781f00000, 0x0000000781f00000, 0x0000000782000000|  0%| F|  |TAMS 0x0000000781f00000, 0x0000000781f00000| Untracked 
|  32|0x0000000782000000, 0x0000000782000000, 0x0000000782100000|  0%| F|  |TAMS 0x0000000782000000, 0x0000000782000000| Untracked 
|  33|0x0000000782100000, 0x0000000782100000, 0x0000000782200000|  0%| F|  |TAMS 0x0000000782100000, 0x0000000782100000| Untracked 
|  34|0x0000000782200000, 0x0000000782200000, 0x0000000782300000|  0%| F|  |TAMS 0x0000000782200000, 0x0000000782200000| Untracked 
|  35|0x0000000782300000, 0x0000000782300000, 0x0000000782400000|  0%| F|  |TAMS 0x0000000782300000, 0x0000000782300000| Untracked 
|  36|0x0000000782400000, 0x0000000782400000, 0x0000000782500000|  0%| F|  |TAMS 0x0000000782400000, 0x0000000782400000| Untracked 
|  37|0x0000000782500000, 0x0000000782500000, 0x0000000782600000|  0%| F|  |TAMS 0x0000000782500000, 0x0000000782500000| Untracked 
|  38|0x0000000782600000, 0x0000000782600000, 0x0000000782700000|  0%| F|  |TAMS 0x0000000782600000, 0x0000000782600000| Untracked 
|  39|0x0000000782700000, 0x0000000782700000, 0x0000000782800000|  0%| F|  |TAMS 0x0000000782700000, 0x0000000782700000| Untracked 
|  40|0x0000000782800000, 0x0000000782800000, 0x0000000782900000|  0%| F|  |TAMS 0x0000000782800000, 0x0000000782800000| Untracked 
|  41|0x0000000782900000, 0x0000000782900000, 0x0000000782a00000|  0%| F|  |TAMS 0x0000000782900000, 0x0000000782900000| Untracked 
|  42|0x0000000782a00000, 0x0000000782a00000, 0x0000000782b00000|  0%| F|  |TAMS 0x0000000782a00000, 0x0000000782a00000| Untracked 
|  43|0x0000000782b00000, 0x0000000782b00000, 0x0000000782c00000|  0%| F|  |TAMS 0x0000000782b00000, 0x0000000782b00000| Untracked 
|  44|0x0000000782c00000, 0x0000000782c00000, 0x0000000782d00000|  0%| F|  |TAMS 0x0000000782c00000, 0x0000000782c00000| Untracked 
|  45|0x0000000782d00000, 0x0000000782d00000, 0x0000000782e00000|  0%| F|  |TAMS 0x0000000782d00000, 0x0000000782d00000| Untracked 
|  46|0x0000000782e00000, 0x0000000782e00000, 0x0000000782f00000|  0%| F|  |TAMS 0x0000000782e00000, 0x0000000782e00000| Untracked 
|  47|0x0000000782f00000, 0x0000000782f00000, 0x0000000783000000|  0%| F|  |TAMS 0x0000000782f00000, 0x0000000782f00000| Untracked 
|  48|0x0000000783000000, 0x0000000783000000, 0x0000000783100000|  0%| F|  |TAMS 0x0000000783000000, 0x0000000783000000| Untracked 
|  49|0x0000000783100000, 0x0000000783100000, 0x0000000783200000|  0%| F|  |TAMS 0x0000000783100000, 0x0000000783100000| Untracked 
|  50|0x0000000783200000, 0x0000000783200000, 0x0000000783300000|  0%| F|  |TAMS 0x0000000783200000, 0x0000000783200000| Untracked 
|  51|0x0000000783300000, 0x0000000783300000, 0x0000000783400000|  0%| F|  |TAMS 0x0000000783300000, 0x0000000783300000| Untracked 
|  52|0x0000000783400000, 0x0000000783400000, 0x0000000783500000|  0%| F|  |TAMS 0x0000000783400000, 0x0000000783400000| Untracked 
|  53|0x0000000783500000, 0x0000000783500000, 0x0000000783600000|  0%| F|  |TAMS 0x0000000783500000, 0x0000000783500000| Untracked 
|  54|0x0000000783600000, 0x0000000783600000, 0x0000000783700000|  0%| F|  |TAMS 0x0000000783600000, 0x0000000783600000| Untracked 
|  55|0x0000000783700000, 0x0000000783700000, 0x0000000783800000|  0%| F|  |TAMS 0x0000000783700000, 0x0000000783700000| Untracked 
|  56|0x0000000783800000, 0x0000000783800000, 0x0000000783900000|  0%| F|  |TAMS 0x0000000783800000, 0x0000000783800000| Untracked 
|  57|0x0000000783900000, 0x0000000783900000, 0x0000000783a00000|  0%| F|  |TAMS 0x0000000783900000, 0x0000000783900000| Untracked 
|  58|0x0000000783a00000, 0x0000000783a00000, 0x0000000783b00000|  0%| F|  |TAMS 0x0000000783a00000, 0x0000000783a00000| Untracked 
|  59|0x0000000783b00000, 0x0000000783b00000, 0x0000000783c00000|  0%| F|  |TAMS 0x0000000783b00000, 0x0000000783b00000| Untracked 
|  60|0x0000000783c00000, 0x0000000783c00000, 0x0000000783d00000|  0%| F|  |TAMS 0x0000000783c00000, 0x0000000783c00000| Untracked 
|  61|0x0000000783d00000, 0x0000000783d00000, 0x0000000783e00000|  0%| F|  |TAMS 0x0000000783d00000, 0x0000000783d00000| Untracked 
|  62|0x0000000783e00000, 0x0000000783e00000, 0x0000000783f00000|  0%| F|  |TAMS 0x0000000783e00000, 0x0000000783e00000| Untracked 
|  63|0x0000000783f00000, 0x0000000783f00000, 0x0000000784000000|  0%| F|  |TAMS 0x0000000783f00000, 0x0000000783f00000| Untracked 
|  64|0x0000000784000000, 0x0000000784000000, 0x0000000784100000|  0%| F|  |TAMS 0x0000000784000000, 0x0000000784000000| Untracked 
|  65|0x0000000784100000, 0x0000000784100000, 0x0000000784200000|  0%| F|  |TAMS 0x0000000784100000, 0x0000000784100000| Untracked 
|  66|0x0000000784200000, 0x0000000784200000, 0x0000000784300000|  0%| F|  |TAMS 0x0000000784200000, 0x0000000784200000| Untracked 
|  67|0x0000000784300000, 0x0000000784300000, 0x0000000784400000|  0%| F|  |TAMS 0x0000000784300000, 0x0000000784300000| Untracked 
|  68|0x0000000784400000, 0x0000000784400000, 0x0000000784500000|  0%| F|  |TAMS 0x0000000784400000, 0x0000000784400000| Untracked 
|  69|0x0000000784500000, 0x0000000784500000, 0x0000000784600000|  0%| F|  |TAMS 0x0000000784500000, 0x0000000784500000| Untracked 
|  70|0x0000000784600000, 0x0000000784600000, 0x0000000784700000|  0%| F|  |TAMS 0x0000000784600000, 0x0000000784600000| Untracked 
|  71|0x0000000784700000, 0x0000000784700000, 0x0000000784800000|  0%| F|  |TAMS 0x0000000784700000, 0x0000000784700000| Untracked 
|  72|0x0000000784800000, 0x0000000784800000, 0x0000000784900000|  0%| F|  |TAMS 0x0000000784800000, 0x0000000784800000| Untracked 
|  73|0x0000000784900000, 0x0000000784900000, 0x0000000784a00000|  0%| F|  |TAMS 0x0000000784900000, 0x0000000784900000| Untracked 
|  74|0x0000000784a00000, 0x0000000784a00000, 0x0000000784b00000|  0%| F|  |TAMS 0x0000000784a00000, 0x0000000784a00000| Untracked 
|  75|0x0000000784b00000, 0x0000000784b00000, 0x0000000784c00000|  0%| F|  |TAMS 0x0000000784b00000, 0x0000000784b00000| Untracked 
|  76|0x0000000784c00000, 0x0000000784c00000, 0x0000000784d00000|  0%| F|  |TAMS 0x0000000784c00000, 0x0000000784c00000| Untracked 
|  77|0x0000000784d00000, 0x0000000784d00000, 0x0000000784e00000|  0%| F|  |TAMS 0x0000000784d00000, 0x0000000784d00000| Untracked 
|  78|0x0000000784e00000, 0x0000000784e00000, 0x0000000784f00000|  0%| F|  |TAMS 0x0000000784e00000, 0x0000000784e00000| Untracked 
|  79|0x0000000784f00000, 0x0000000784f00000, 0x0000000785000000|  0%| F|  |TAMS 0x0000000784f00000, 0x0000000784f00000| Untracked 
|  80|0x0000000785000000, 0x0000000785000000, 0x0000000785100000|  0%| F|  |TAMS 0x0000000785000000, 0x0000000785000000| Untracked 
|  81|0x0000000785100000, 0x0000000785100000, 0x0000000785200000|  0%| F|  |TAMS 0x0000000785100000, 0x0000000785100000| Untracked 
|  82|0x0000000785200000, 0x0000000785200000, 0x0000000785300000|  0%| F|  |TAMS 0x0000000785200000, 0x0000000785200000| Untracked 
|  83|0x0000000785300000, 0x0000000785300000, 0x0000000785400000|  0%| F|  |TAMS 0x0000000785300000, 0x0000000785300000| Untracked 
|  84|0x0000000785400000, 0x0000000785400000, 0x0000000785500000|  0%| F|  |TAMS 0x0000000785400000, 0x0000000785400000| Untracked 
|  85|0x0000000785500000, 0x0000000785500000, 0x0000000785600000|  0%| F|  |TAMS 0x0000000785500000, 0x0000000785500000| Untracked 
|  86|0x0000000785600000, 0x0000000785600000, 0x0000000785700000|  0%| F|  |TAMS 0x0000000785600000, 0x0000000785600000| Untracked 
|  87|0x0000000785700000, 0x0000000785700000, 0x0000000785800000|  0%| F|  |TAMS 0x0000000785700000, 0x0000000785700000| Untracked 
|  88|0x0000000785800000, 0x0000000785800000, 0x0000000785900000|  0%| F|  |TAMS 0x0000000785800000, 0x0000000785800000| Untracked 
|  89|0x0000000785900000, 0x0000000785900000, 0x0000000785a00000|  0%| F|  |TAMS 0x0000000785900000, 0x0000000785900000| Untracked 
|  90|0x0000000785a00000, 0x0000000785a00000, 0x0000000785b00000|  0%| F|  |TAMS 0x0000000785a00000, 0x0000000785a00000| Untracked 
|  91|0x0000000785b00000, 0x0000000785b00000, 0x0000000785c00000|  0%| F|  |TAMS 0x0000000785b00000, 0x0000000785b00000| Untracked 
|  92|0x0000000785c00000, 0x0000000785c00000, 0x0000000785d00000|  0%| F|  |TAMS 0x0000000785c00000, 0x0000000785c00000| Untracked 
|  93|0x0000000785d00000, 0x0000000785d00000, 0x0000000785e00000|  0%| F|  |TAMS 0x0000000785d00000, 0x0000000785d00000| Untracked 
|  94|0x0000000785e00000, 0x0000000785e00000, 0x0000000785f00000|  0%| F|  |TAMS 0x0000000785e00000, 0x0000000785e00000| Untracked 
|  95|0x0000000785f00000, 0x0000000785f00000, 0x0000000786000000|  0%| F|  |TAMS 0x0000000785f00000, 0x0000000785f00000| Untracked 
|  96|0x0000000786000000, 0x0000000786000000, 0x0000000786100000|  0%| F|  |TAMS 0x0000000786000000, 0x0000000786000000| Untracked 
|  97|0x0000000786100000, 0x0000000786100000, 0x0000000786200000|  0%| F|  |TAMS 0x0000000786100000, 0x0000000786100000| Untracked 
|  98|0x0000000786200000, 0x0000000786200000, 0x0000000786300000|  0%| F|  |TAMS 0x0000000786200000, 0x0000000786200000| Untracked 
|  99|0x0000000786300000, 0x0000000786300000, 0x0000000786400000|  0%| F|  |TAMS 0x0000000786300000, 0x0000000786300000| Untracked 
| 100|0x0000000786400000, 0x0000000786400000, 0x0000000786500000|  0%| F|  |TAMS 0x0000000786400000, 0x0000000786400000| Untracked 
| 101|0x0000000786500000, 0x0000000786500000, 0x0000000786600000|  0%| F|  |TAMS 0x0000000786500000, 0x0000000786500000| Untracked 
| 102|0x0000000786600000, 0x0000000786600000, 0x0000000786700000|  0%| F|  |TAMS 0x0000000786600000, 0x0000000786600000| Untracked 
| 103|0x0000000786700000, 0x0000000786700000, 0x0000000786800000|  0%| F|  |TAMS 0x0000000786700000, 0x0000000786700000| Untracked 
| 104|0x0000000786800000, 0x0000000786800000, 0x0000000786900000|  0%| F|  |TAMS 0x0000000786800000, 0x0000000786800000| Untracked 
| 105|0x0000000786900000, 0x0000000786900000, 0x0000000786a00000|  0%| F|  |TAMS 0x0000000786900000, 0x0000000786900000| Untracked 
| 106|0x0000000786a00000, 0x0000000786a00000, 0x0000000786b00000|  0%| F|  |TAMS 0x0000000786a00000, 0x0000000786a00000| Untracked 
| 107|0x0000000786b00000, 0x0000000786b00000, 0x0000000786c00000|  0%| F|  |TAMS 0x0000000786b00000, 0x0000000786b00000| Untracked 
| 108|0x0000000786c00000, 0x0000000786c00000, 0x0000000786d00000|  0%| F|  |TAMS 0x0000000786c00000, 0x0000000786c00000| Untracked 
| 109|0x0000000786d00000, 0x0000000786d00000, 0x0000000786e00000|  0%| F|  |TAMS 0x0000000786d00000, 0x0000000786d00000| Untracked 
| 110|0x0000000786e00000, 0x0000000786e00000, 0x0000000786f00000|  0%| F|  |TAMS 0x0000000786e00000, 0x0000000786e00000| Untracked 
| 111|0x0000000786f00000, 0x0000000786f00000, 0x0000000787000000|  0%| F|  |TAMS 0x0000000786f00000, 0x0000000786f00000| Untracked 
| 112|0x0000000787000000, 0x0000000787000000, 0x0000000787100000|  0%| F|  |TAMS 0x0000000787000000, 0x0000000787000000| Untracked 
| 113|0x0000000787100000, 0x0000000787100000, 0x0000000787200000|  0%| F|  |TAMS 0x0000000787100000, 0x0000000787100000| Untracked 
| 114|0x0000000787200000, 0x0000000787200000, 0x0000000787300000|  0%| F|  |TAMS 0x0000000787200000, 0x0000000787200000| Untracked 
| 115|0x0000000787300000, 0x0000000787300000, 0x0000000787400000|  0%| F|  |TAMS 0x0000000787300000, 0x0000000787300000| Untracked 
| 116|0x0000000787400000, 0x0000000787400000, 0x0000000787500000|  0%| F|  |TAMS 0x0000000787400000, 0x0000000787400000| Untracked 
| 117|0x0000000787500000, 0x0000000787500000, 0x0000000787600000|  0%| F|  |TAMS 0x0000000787500000, 0x0000000787500000| Untracked 
| 118|0x0000000787600000, 0x0000000787600000, 0x0000000787700000|  0%| F|  |TAMS 0x0000000787600000, 0x0000000787600000| Untracked 
| 119|0x0000000787700000, 0x00000007877c8548, 0x0000000787800000| 78%| E|  |TAMS 0x0000000787700000, 0x0000000787700000| Complete 
| 120|0x0000000787800000, 0x0000000787900000, 0x0000000787900000|100%| E|CS|TAMS 0x0000000787800000, 0x0000000787800000| Complete 
| 121|0x0000000787900000, 0x0000000787a00000, 0x0000000787a00000|100%| E|CS|TAMS 0x0000000787900000, 0x0000000787900000| Complete 
| 122|0x0000000787a00000, 0x0000000787b00000, 0x0000000787b00000|100%| E|CS|TAMS 0x0000000787a00000, 0x0000000787a00000| Complete 
| 123|0x0000000787b00000, 0x0000000787c00000, 0x0000000787c00000|100%| E|CS|TAMS 0x0000000787b00000, 0x0000000787b00000| Complete 
| 124|0x0000000787c00000, 0x0000000787d00000, 0x0000000787d00000|100%| E|CS|TAMS 0x0000000787c00000, 0x0000000787c00000| Complete 
| 125|0x0000000787d00000, 0x0000000787e00000, 0x0000000787e00000|100%| E|CS|TAMS 0x0000000787d00000, 0x0000000787d00000| Complete 
| 126|0x0000000787e00000, 0x0000000787f00000, 0x0000000787f00000|100%| E|CS|TAMS 0x0000000787e00000, 0x0000000787e00000| Complete 
| 127|0x0000000787f00000, 0x0000000788000000, 0x0000000788000000|100%| E|CS|TAMS 0x0000000787f00000, 0x0000000787f00000| Complete 
|2046|0x00000007ffe00000, 0x00000007ffe75000, 0x00000007fff00000| 45%|OA|  |TAMS 0x00000007ffe00000, 0x00000007ffe00000| Untracked 
|2047|0x00000007fff00000, 0x00000007fff7f000, 0x0000000800000000| 49%|CA|  |TAMS 0x00000007fff00000, 0x00000007fff00000| Untracked 

Card table byte_map: [0x0000000110b7d000,0x0000000110f7d000] _byte_map_base: 0x000000010cf7d000

Marking Bits (Prev, Next): (CMBitMap*) 0x00007fc75e00d010, (CMBitMap*) 0x00007fc75e00d050
 Prev Bits: [0x000000011137d000, 0x000000011337d000)
 Next Bits: [0x00000001239a3000, 0x00000001259a3000)

Polling page: 0x0000000105b81000

Metaspace:

Usage:
  Non-class:      7.66 MB used.
      Class:   1019.95 KB used.
       Both:      8.65 MB used.

Virtual space:
  Non-class space:        8.00 MB reserved,       7.75 MB ( 97%) committed,  1 nodes.
      Class space:        1.00 GB reserved,       1.06 MB ( <1%) committed,  1 nodes.
             Both:        1.01 GB reserved,       8.81 MB ( <1%) committed. 

Chunk freelists:
   Non-Class:  202.00 KB
       Class:  2.75 MB
        Both:  2.95 MB

MaxMetaspaceSize: unlimited
CompressedClassSpaceSize: 1.00 GB
Initial GC threshold: 21.00 MB
Current GC threshold: 21.00 MB
CDS: on
MetaspaceReclaimPolicy: balanced
 - commit_granule_bytes: 65536.
 - commit_granule_words: 8192.
 - virtual_space_node_default_size: 1048576.
 - enlarge_chunks_in_place: 1.
 - new_chunks_are_fully_committed: 0.
 - uncommit_free_chunks: 1.
 - use_allocation_guard: 0.
 - handle_deallocations: 1.


Internal statistics:

num_allocs_failed_limit: 0.
num_arena_births: 148.
num_arena_deaths: 0.
num_vsnodes_births: 2.
num_vsnodes_deaths: 0.
num_space_committed: 141.
num_space_uncommitted: 0.
num_chunks_returned_to_freelist: 0.
num_chunks_taken_from_freelist: 192.
num_chunk_merges: 0.
num_chunk_splits: 117.
num_chunks_enlarged: 65.
num_purges: 0.
num_inconsistent_stats: 0.

CodeHeap 'non-profiled nmethods': size=120032Kb used=323Kb max_used=323Kb free=119709Kb
 bounds [0x000000011c46b000, 0x000000011c6db000, 0x00000001239a3000]
CodeHeap 'profiled nmethods': size=120028Kb used=1577Kb max_used=1577Kb free=118450Kb
 bounds [0x0000000114f34000, 0x00000001151a4000, 0x000000011c46b000]
CodeHeap 'non-nmethods': size=5700Kb used=1298Kb max_used=1313Kb free=4401Kb
 bounds [0x00000001149a3000, 0x0000000114c13000, 0x0000000114f34000]
 total_blobs=1741 nmethods=1102 adapters=553
 compilation: enabled
              stopped_count=0, restarted_count=0
 full_count=0

Compilation events (20 events):
Event: 45.184 Thread 0x00007fc75e830c00 1091       1       sun.java2d.loops.RenderCache$Entry::getValue (5 bytes)
Event: 45.184 Thread 0x00007fc75e830c00 nmethod 1091 0x000000011c4b9f90 code [0x000000011c4ba120, 0x000000011c4ba1f0]
Event: 45.185 Thread 0x00007fc75e830c00 1093       3       java.util.concurrent.locks.ReentrantReadWriteLock$ReadLock::lock (9 bytes)
Event: 45.185 Thread 0x00007fc75e830c00 nmethod 1093 0x00000001150bc710 code [0x00000001150bc8c0, 0x00000001150bca00]
Event: 45.185 Thread 0x00007fc75e830c00 1094       3       java.util.concurrent.locks.AbstractQueuedSynchronizer::acquireShared (20 bytes)
Event: 45.185 Thread 0x00007fc75e830c00 nmethod 1094 0x00000001150bcb10 code [0x00000001150bccc0, 0x00000001150bcf30]
Event: 45.185 Thread 0x00007fc75e830c00 1095       1       sun.java2d.opengl.OGLSurfaceData::getType (5 bytes)
Event: 45.186 Thread 0x00007fc75e830c00 nmethod 1095 0x000000011c4ba290 code [0x000000011c4ba420, 0x000000011c4ba4f0]
Event: 45.187 Thread 0x00007fc75e830c00 1096       3       java.awt.EventQueue::setCurrentEventAndMostRecentTime (8 bytes)
Event: 45.187 Thread 0x00007fc75e830c00 nmethod 1096 0x00000001150bd010 code [0x00000001150bd220, 0x00000001150bd6d0]
Event: 45.188 Thread 0x00007fc75e830c00 1097       3       java.util.ArrayList::isEmpty (13 bytes)
Event: 45.188 Thread 0x00007fc75e830c00 nmethod 1097 0x00000001150bd910 code [0x00000001150bdaa0, 0x00000001150bdc10]
Event: 45.188 Thread 0x00007fc75e830c00 1098       3       java.awt.EventQueue::uncacheEQItem (53 bytes)
Event: 45.188 Thread 0x00007fc75e830c00 nmethod 1098 0x00000001150bdc90 code [0x00000001150bde80, 0x00000001150be5a0]
Event: 45.188 Thread 0x00007fc75e830c00 1099   !   3       java.awt.DefaultKeyboardFocusManager::dispatchEvent (1621 bytes)
Event: 45.197 Thread 0x00007fc75f01d600 1103       4       sun.java2d.loops.GraphicsPrimitiveMgr$2::compare (39 bytes)
Event: 45.199 Thread 0x00007fc75f01d600 nmethod 1103 0x000000011c4ba590 code [0x000000011c4ba720, 0x000000011c4ba838]
Event: 45.199 Thread 0x00007fc75f01d600 1109       4       com.intellij.uiDesigner.core.DimensionInfo::getComponent (9 bytes)
Event: 45.200 Thread 0x00007fc75f01d600 nmethod 1109 0x000000011c4ba990 code [0x000000011c4bab20, 0x000000011c4babf8]
Event: 45.200 Thread 0x00007fc75f01d600 1104       4       java.util.HashMap::get (19 bytes)

GC Heap History (0 events):
No events

Deoptimization events (20 events):
Event: 1.420 Thread 0x00007fc760008a00 Uncommon trap: trap_request=0xffffff45 fr.pc=0x000000011c4943a4 relative=0x0000000000001204
Event: 1.420 Thread 0x00007fc760008a00 Uncommon trap: reason=unstable_if action=reinterpret pc=0x000000011c4943a4 method=java.util.HashMap.putVal(ILjava/lang/Object;Ljava/lang/Object;ZZ)Ljava/lang/Object; @ 181 c2
Event: 1.420 Thread 0x00007fc760008a00 DEOPT PACKING pc=0x000000011c4943a4 sp=0x000070000137b180
Event: 1.420 Thread 0x00007fc760008a00 DEOPT UNPACKING pc=0x00000001149f5099 sp=0x000070000137b0c0 mode 2
Event: 2.626 Thread 0x00007fc760008a00 Uncommon trap: trap_request=0xffffff45 fr.pc=0x000000011c49f354 relative=0x0000000000000494
Event: 2.626 Thread 0x00007fc760008a00 Uncommon trap: reason=unstable_if action=reinterpret pc=0x000000011c49f354 method=java.lang.StringLatin1.toLowerCase(Ljava/lang/String;[BLjava/util/Locale;)Ljava/lang/String; @ 43 c2
Event: 2.626 Thread 0x00007fc760008a00 DEOPT PACKING pc=0x000000011c49f354 sp=0x000070000137b350
Event: 2.626 Thread 0x00007fc760008a00 DEOPT UNPACKING pc=0x00000001149f5099 sp=0x000070000137b2e0 mode 2
Event: 2.823 Thread 0x00007fc760008a00 Uncommon trap: trap_request=0xffffffde fr.pc=0x000000011c47814c relative=0x00000000000001ac
Event: 2.823 Thread 0x00007fc760008a00 Uncommon trap: reason=class_check action=maybe_recompile pc=0x000000011c47814c method=java.lang.String.equals(Ljava/lang/Object;)Z @ 8 c2
Event: 2.823 Thread 0x00007fc760008a00 DEOPT PACKING pc=0x000000011c47814c sp=0x000070000137c3c0
Event: 2.823 Thread 0x00007fc760008a00 DEOPT UNPACKING pc=0x00000001149f5099 sp=0x000070000137c378 mode 2
Event: 2.823 Thread 0x00007fc760008a00 Uncommon trap: trap_request=0xffffffde fr.pc=0x000000011c47814c relative=0x00000000000001ac
Event: 2.823 Thread 0x00007fc760008a00 Uncommon trap: reason=class_check action=maybe_recompile pc=0x000000011c47814c method=java.lang.String.equals(Ljava/lang/Object;)Z @ 8 c2
Event: 2.823 Thread 0x00007fc760008a00 DEOPT PACKING pc=0x000000011c47814c sp=0x000070000137c3e0
Event: 2.823 Thread 0x00007fc760008a00 DEOPT UNPACKING pc=0x00000001149f5099 sp=0x000070000137c398 mode 2
Event: 45.188 Thread 0x00007fc75f158000 Uncommon trap: trap_request=0xffffffde fr.pc=0x000000011c4af5e4 relative=0x00000000000002a4
Event: 45.188 Thread 0x00007fc75f158000 Uncommon trap: reason=class_check action=maybe_recompile pc=0x000000011c4af5e4 method=java.util.HashMap.getNode(Ljava/lang/Object;)Ljava/util/HashMap$Node; @ 128 c2
Event: 45.188 Thread 0x00007fc75f158000 DEOPT PACKING pc=0x000000011c4af5e4 sp=0x0000700002d4f530
Event: 45.188 Thread 0x00007fc75f158000 DEOPT UNPACKING pc=0x00000001149f5099 sp=0x0000700002d4f4c8 mode 2

Classes unloaded (0 events):
No events

Classes redefined (0 events):
No events

Internal exceptions (20 events):
Event: 0.326 Thread 0x00007fc760008a00 Exception <a 'java/io/FileNotFoundException'{0x0000000787d10d38}> (0x0000000787d10d38) 
thrown [open/src/hotspot/share/prims/jni.cpp, line 516]
Event: 0.340 Thread 0x00007fc760008a00 Exception <a 'java/io/FileNotFoundException'{0x0000000787d3da58}> (0x0000000787d3da58) 
thrown [open/src/hotspot/share/prims/jni.cpp, line 516]
Event: 0.384 Thread 0x00007fc760008a00 Exception <a 'java/lang/ClassNotFoundException'{0x0000000787d6a788}: sun/awt/resources/spi/awtosxProvider> (0x0000000787d6a788) 
thrown [open/src/hotspot/share/classfile/systemDictionary.cpp, line 256]
Event: 0.827 Thread 0x00007fc760008a00 Exception <a 'java/lang/NoSuchMethodError'{0x0000000787c19790}: 'void java.lang.invoke.DirectMethodHandle$Holder.invokeSpecial(java.lang.Object, java.lang.Object, java.lang.Object)'> (0x0000000787c19790) 
thrown [open/src/hotspot/share/interpreter/linkResolver.cpp, line 766]
Event: 0.840 Thread 0x00007fc760008a00 Exception <a 'java/lang/NoSuchMethodError'{0x0000000787c303d8}: 'void java.lang.invoke.DirectMethodHandle$Holder.invokeStaticInit(java.lang.Object)'> (0x0000000787c303d8) 
thrown [open/src/hotspot/share/interpreter/linkResolver.cpp, line 766]
Event: 0.863 Thread 0x00007fc760008a00 Exception <a 'java/lang/NoSuchMethodError'{0x0000000787c535c8}: 'java.lang.Object java.lang.invoke.DirectMethodHandle$Holder.newInvokeSpecial(java.lang.Object, java.lang.Object, java.lang.Object, java.lang.Object, java.lang.Object)'> (0x0000000787c535c8) 
thrown [open/src/hotspot/share/interpreter/linkResolver.cpp, line 766]
Event: 0.868 Thread 0x00007fc760008a00 Exception <a 'java/lang/NoSuchMethodError'{0x0000000787c5ef90}: 'java.lang.Object java.lang.invoke.DirectMethodHandle$Holder.invokeStatic(java.lang.Object, int, java.lang.Object, java.lang.Object, java.lang.Object, java.lang.Object)'> (0x0000000787c5ef90) 
thrown [open/src/hotspot/share/interpreter/linkResolver.cpp, line 766]
Event: 0.896 Thread 0x00007fc760008a00 Exception <a 'java/lang/NoSuchMethodError'{0x0000000787c84680}: 'java.lang.Object java.lang.invoke.DirectMethodHandle$Holder.invokeStatic(java.lang.Object, int, java.lang.Object)'> (0x0000000787c84680) 
thrown [open/src/hotspot/share/interpreter/linkResolver.cpp, line 766]
Event: 0.914 Thread 0x00007fc760008a00 Exception <a 'java/lang/ClassNotFoundException'{0x0000000787cb5888}: com/apple/laf/resources/spi/aquaProvider> (0x0000000787cb5888) 
thrown [open/src/hotspot/share/classfile/systemDictionary.cpp, line 256]
Event: 0.978 Thread 0x00007fc760008a00 Exception <a 'java/lang/ClassNotFoundException'{0x0000000787b24d68}: com/sun/swing/internal/plaf/basic/resources/spi/basicProvider> (0x0000000787b24d68) 
thrown [open/src/hotspot/share/classfile/systemDictionary.cpp, line 256]
Event: 1.268 Thread 0x00007fc760008a00 Exception <a 'java/lang/NoSuchMethodError'{0x0000000787ab5250}: 'java.lang.Object java.lang.invoke.DirectMethodHandle$Holder.newInvokeSpecial(java.lang.Object, java.lang.Object, java.lang.Object, int, java.lang.Object)'> (0x0000000787ab5250) 
thrown [open/src/hotspot/share/interpreter/linkResolver.cpp, line 766]
Event: 1.269 Thread 0x00007fc760008a00 Exception <a 'java/lang/NoSuchMethodError'{0x0000000787abcb68}: 'java.lang.Object java.lang.invoke.Invokers$Holder.linkToTargetMethod(java.lang.Object, java.lang.Object, int, java.lang.Object, java.lang.Object)'> (0x0000000787abcb68) 
thrown [open/src/hotspot/share/interpreter/linkResolver.cpp, line 766]
Event: 1.320 Thread 0x00007fc760008a00 Exception <a 'java/lang/NoSuchMethodError'{0x0000000787ace3e0}: 'java.lang.Object java.lang.invoke.Invokers$Holder.linkToTargetMethod(int, int, int, int, java.lang.Object)'> (0x0000000787ace3e0) 
thrown [open/src/hotspot/share/interpreter/linkResolver.cpp, line 766]
Event: 1.326 Thread 0x00007fc75f01dc00 Exception <a 'java/lang/NoSuchMethodError'{0x0000000787db5c28}: 'void java.lang.invoke.DirectMethodHandle$Holder.invokeStatic(java.lang.Object, java.lang.Object, long)'> (0x0000000787db5c28) 
thrown [open/src/hotspot/share/interpreter/linkResolver.cpp, line 766]
Event: 1.327 Thread 0x00007fc760008a00 Exception <a 'java/lang/NoSuchMethodError'{0x0000000787ad1d30}: 'void java.lang.invoke.DirectMethodHandle$Holder.invokeStatic(java.lang.Object, java.lang.Object, long)'> (0x0000000787ad1d30) 
thrown [open/src/hotspot/share/interpreter/linkResolver.cpp, line 766]
Event: 2.836 Thread 0x00007fc760008a00 Exception <a 'java/lang/NoSuchMethodError'{0x0000000787817470}: 'void java.lang.invoke.DirectMethodHandle$Holder.invokeSpecial(java.lang.Object, java.lang.Object, long)'> (0x0000000787817470) 
thrown [open/src/hotspot/share/interpreter/linkResolver.cpp, line 766]
Event: 2.837 Thread 0x00007fc760008a00 Exception <a 'java/lang/NoSuchMethodError'{0x000000078781d350}: 'void java.lang.invoke.DirectMethodHandle$Holder.invokeStatic(java.lang.Object, long, long)'> (0x000000078781d350) 
thrown [open/src/hotspot/share/interpreter/linkResolver.cpp, line 766]
Event: 2.838 Thread 0x00007fc760008a00 Exception <a 'java/lang/NoSuchMethodError'{0x0000000787822978}: 'java.lang.Object java.lang.invoke.DirectMethodHandle$Holder.newInvokeSpecial(java.lang.Object, long)'> (0x0000000787822978) 
thrown [open/src/hotspot/share/interpreter/linkResolver.cpp, line 766]
Event: 2.839 Thread 0x00007fc75f01dc00 Exception <a 'java/lang/NoSuchMethodError'{0x0000000787915698}: 'void java.lang.invoke.DirectMethodHandle$Holder.invokeStatic(java.lang.Object, long)'> (0x0000000787915698) 
thrown [open/src/hotspot/share/interpreter/linkResolver.cpp, line 766]
Event: 2.841 Thread 0x00007fc760008a00 Exception <a 'java/lang/NoSuchMethodError'{0x000000078782cc30}: 'java.lang.Object java.lang.invoke.DirectMethodHandle$Holder.newInvokeSpecial(java.lang.Object, java.lang.Object, int)'> (0x000000078782cc30) 
thrown [open/src/hotspot/share/interpreter/linkResolver.cpp, line 766]

VM Operations (18 events):
Event: 0.383 Executing VM operation: HandshakeAllThreads
Event: 0.383 Executing VM operation: HandshakeAllThreads done
Event: 1.068 Executing VM operation: Cleanup
Event: 1.093 Executing VM operation: Cleanup done
Event: 2.097 Executing VM operation: Cleanup
Event: 2.098 Executing VM operation: Cleanup done
Event: 3.099 Executing VM operation: Cleanup
Event: 3.099 Executing VM operation: Cleanup done
Event: 4.106 Executing VM operation: Cleanup
Event: 4.111 Executing VM operation: Cleanup done
Event: 5.111 Executing VM operation: Cleanup
Event: 5.112 Executing VM operation: Cleanup done
Event: 42.204 Executing VM operation: Cleanup
Event: 42.204 Executing VM operation: Cleanup done
Event: 43.205 Executing VM operation: Cleanup
Event: 43.205 Executing VM operation: Cleanup done
Event: 44.207 Executing VM operation: Cleanup
Event: 44.207 Executing VM operation: Cleanup done

Events (20 events):
Event: 41.809 loading class sun/lwawt/LWCursorManager$1
Event: 41.809 loading class sun/lwawt/LWCursorManager$1 done
Event: 41.810 loading class java/awt/Container$MouseEventTargetFilter
Event: 41.810 loading class java/awt/Container$EventTargetFilter
Event: 41.810 loading class java/awt/Container$EventTargetFilter done
Event: 41.810 loading class java/awt/Container$MouseEventTargetFilter done
Event: 41.810 loading class java/awt/LightweightDispatcher$1
Event: 41.810 loading class java/awt/LightweightDispatcher$1 done
Event: 41.810 loading class java/awt/event/AWTEventListenerProxy
Event: 41.810 loading class java/awt/event/AWTEventListenerProxy done
Event: 41.810 loading class java/awt/Toolkit$SelectiveAWTEventListener
Event: 41.810 loading class java/awt/Toolkit$SelectiveAWTEventListener done
Event: 41.810 loading class java/awt/Toolkit$ToolkitEventMulticaster
Event: 41.810 loading class java/awt/Toolkit$ToolkitEventMulticaster done
Event: 41.811 loading class sun/lwawt/macosx/CCustomCursor
Event: 41.811 loading class sun/lwawt/macosx/CCustomCursor done
Event: 41.951 loading class java/awt/LightweightDispatcher$2
Event: 41.951 loading class java/awt/LightweightDispatcher$2 done
Event: 45.172 loading class sun/lwawt/macosx/CPlatformWindow$16
Event: 45.172 loading class sun/lwawt/macosx/CPlatformWindow$16 done


Dynamic libraries:
0x00007fff2a576000 	/usr/lib/libz.1.dylib
0x0000000105b45000 	/Users/ndiagadiop/Library/Java/JavaVirtualMachines/openjdk-17/Contents/Home/lib/libjli.dylib
0x00007fff34faa000 	/System/Library/Frameworks/Cocoa.framework/Versions/A/Cocoa
0x00007fff222f4000 	/System/Library/Frameworks/Security.framework/Versions/A/Security
0x00007fff331b2000 	/System/Library/Frameworks/ApplicationServices.framework/Versions/A/ApplicationServices
0x00007fff2a63e000 	/usr/lib/libSystem.B.dylib
0x00007fff2a638000 	/usr/lib/system/libcache.dylib
0x00007fff2a5f4000 	/usr/lib/system/libcommonCrypto.dylib
0x00007fff2a61e000 	/usr/lib/system/libcompiler_rt.dylib
0x00007fff2a613000 	/usr/lib/system/libcopyfile.dylib
0x00007fff201ed000 	/usr/lib/system/libcorecrypto.dylib
0x00007fff202b8000 	/usr/lib/system/libdispatch.dylib
0x00007fff2046b000 	/usr/lib/system/libdyld.dylib
0x00007fff2a62f000 	/usr/lib/system/libkeymgr.dylib
0x00007fff2da42000 	/usr/lib/system/liblaunch.dylib
0x00007fff2a5d2000 	/usr/lib/system/libmacho.dylib
0x00007fff29dca000 	/usr/lib/system/libquarantine.dylib
0x00007fff2a62c000 	/usr/lib/system/libremovefile.dylib
0x00007fff24cd0000 	/usr/lib/system/libsystem_asl.dylib
0x00007fff2019d000 	/usr/lib/system/libsystem_blocks.dylib
0x00007fff2033a000 	/usr/lib/system/libsystem_c.dylib
0x00007fff2a626000 	/usr/lib/system/libsystem_collections.dylib
0x00007fff290d0000 	/usr/lib/system/libsystem_configuration.dylib
0x00007fff283bc000 	/usr/lib/system/libsystem_containermanager.dylib
0x00007fff2a375000 	/usr/lib/system/libsystem_coreservices.dylib
0x00007fff228ac000 	/usr/lib/system/libsystem_darwin.dylib
0x00007fff2a630000 	/usr/lib/system/libsystem_dnssd.dylib
0x00007fff20337000 	/usr/lib/system/libsystem_featureflags.dylib
0x00007fff204b1000 	/usr/lib/system/libsystem_info.dylib
0x00007fff2a589000 	/usr/lib/system/libsystem_m.dylib
0x00007fff2028b000 	/usr/lib/system/libsystem_malloc.dylib
0x00007fff24c63000 	/usr/lib/system/libsystem_networkextension.dylib
0x00007fff22ccb000 	/usr/lib/system/libsystem_notify.dylib
0x00007fff2fed9000 	/usr/lib/system/libsystem_product_info_filter.dylib
0x00007fff290d4000 	/usr/lib/system/libsystem_sandbox.dylib
0x00007fff2a629000 	/usr/lib/system/libsystem_secinit.dylib
0x00007fff2042f000 	/usr/lib/system/libsystem_kernel.dylib
0x00007fff204a7000 	/usr/lib/system/libsystem_platform.dylib
0x00007fff2045f000 	/usr/lib/system/libsystem_pthread.dylib
0x00007fff263ad000 	/usr/lib/system/libsystem_symptoms.dylib
0x00007fff201d5000 	/usr/lib/system/libsystem_trace.dylib
0x00007fff2a600000 	/usr/lib/system/libunwind.dylib
0x00007fff2019f000 	/usr/lib/system/libxpc.dylib
0x00007fff20419000 	/usr/lib/libc++abi.dylib
0x00007fff202fd000 	/usr/lib/libobjc.A.dylib
0x00007fff2a60b000 	/usr/lib/liboah.dylib
0x00007fff203c3000 	/usr/lib/libc++.1.dylib
0x00007fff204dd000 	/System/Library/Frameworks/CoreFoundation.framework/Versions/A/CoreFoundation
0x00007fff2128c000 	/System/Library/Frameworks/Foundation.framework/Versions/C/Foundation
0x00007fff22d25000 	/System/Library/Frameworks/AppKit.framework/Versions/C/AppKit
0x00007fff25be9000 	/System/Library/Frameworks/CoreData.framework/Versions/A/CoreData
0x00007fff23a71000 	/System/Library/PrivateFrameworks/UIFoundation.framework/Versions/A/UIFoundation
0x00007fff2fc6c000 	/System/Library/PrivateFrameworks/RemoteViewServices.framework/Versions/A/RemoteViewServices
0x00007fff28a82000 	/System/Library/PrivateFrameworks/XCTTargetBootstrap.framework/Versions/A/XCTTargetBootstrap
0x00007fff2b768000 	/usr/lib/libspindump.dylib
0x00007fff23cc0000 	/System/Library/Frameworks/UniformTypeIdentifiers.framework/Versions/A/UniformTypeIdentifiers
0x00007fff27286000 	/usr/lib/libapp_launch_measurement.dylib
0x00007fff27289000 	/System/Library/PrivateFrameworks/CoreAutoLayout.framework/Versions/A/CoreAutoLayout
0x00007fff283e9000 	/System/Library/Frameworks/Metal.framework/Versions/A/Metal
0x00007fff290df000 	/usr/lib/liblangid.dylib
0x00007fff28a86000 	/System/Library/PrivateFrameworks/CoreSVG.framework/Versions/A/CoreSVG
0x00007fff24d00000 	/System/Library/PrivateFrameworks/SkyLight.framework/Versions/A/SkyLight
0x00007fff25066000 	/System/Library/Frameworks/CoreGraphics.framework/Versions/A/CoreGraphics
0x00007fff30193000 	/System/Library/Frameworks/Accelerate.framework/Versions/A/Accelerate
0x00007fff2b1a6000 	/System/Library/PrivateFrameworks/IconServices.framework/Versions/A/IconServices
0x00007fff283cd000 	/System/Library/Frameworks/IOSurface.framework/Versions/A/IOSurface
0x00007fff26571000 	/usr/lib/libDiagnosticMessagesClient.dylib
0x00007fff28a6e000 	/System/Library/PrivateFrameworks/DFRFoundation.framework/Versions/A/DFRFoundation
0x00007fff2264c000 	/usr/lib/libicucore.A.dylib
0x00007fff2ccab000 	/System/Library/Frameworks/AudioToolbox.framework/Versions/A/AudioToolbox
0x00007fff2bf33000 	/System/Library/PrivateFrameworks/DataDetectorsCore.framework/Versions/A/DataDetectorsCore
0x00007fff24c73000 	/usr/lib/libMobileGestalt.dylib
0x00007fff28772000 	/System/Library/Frameworks/Carbon.framework/Versions/A/Frameworks/HIToolbox.framework/Versions/A/HIToolbox
0x00007fff26ccb000 	/System/Library/Frameworks/QuartzCore.framework/Versions/A/QuartzCore
0x00007fff2fca4000 	/System/Library/Frameworks/Carbon.framework/Versions/A/Frameworks/SpeechRecognition.framework/Versions/A/SpeechRecognition
0x00007fff26feb000 	/System/Library/PrivateFrameworks/CoreUI.framework/Versions/A/CoreUI
0x00007fff21c62000 	/System/Library/Frameworks/CoreAudio.framework/Versions/A/CoreAudio
0x00007fff2665c000 	/System/Library/Frameworks/DiskArbitration.framework/Versions/A/DiskArbitration
0x00007fff2bb36000 	/System/Library/PrivateFrameworks/MultitouchSupport.framework/Versions/A/MultitouchSupport
0x00007fff2bf2a000 	/System/Library/PrivateFrameworks/InternationalSupport.framework/Versions/A/InternationalSupport
0x00007fff24c72000 	/usr/lib/libenergytrace.dylib
0x00007fff22c1c000 	/System/Library/Frameworks/IOKit.framework/Versions/A/IOKit
0x00007fff2ffd7000 	/System/Library/Frameworks/CoreServices.framework/Versions/A/CoreServices
0x00007fff27218000 	/System/Library/PrivateFrameworks/PerformanceAnalysis.framework/Versions/A/PerformanceAnalysis
0x00007fff6bb44000 	/System/Library/Frameworks/OpenGL.framework/Versions/A/OpenGL
0x00007fff2bfae000 	/System/Library/PrivateFrameworks/UserActivity.framework/Versions/A/UserActivity
0x00007fff256f0000 	/System/Library/Frameworks/ColorSync.framework/Versions/A/ColorSync
0x00007fff28ced000 	/System/Library/Frameworks/CoreImage.framework/Versions/A/CoreImage
0x00007fff21a7c000 	/System/Library/Frameworks/CoreText.framework/Versions/A/CoreText
0x00007fff28ab0000 	/System/Library/Frameworks/ImageIO.framework/Versions/A/ImageIO
0x00007fff2a644000 	/System/Library/PrivateFrameworks/SoftLinking.framework/Versions/A/SoftLinking
0x00007fff272d1000 	/usr/lib/libxml2.2.dylib
0x00007fff2a8b5000 	/usr/lib/libcompression.dylib
0x00007fff2be5c000 	/System/Library/PrivateFrameworks/TextureIO.framework/Versions/A/TextureIO
0x00007fff2aee4000 	/usr/lib/libate.dylib
0x00007fff2acc9000 	/usr/lib/liblzma.5.dylib
0x00007fff20fa0000 	/System/Library/Frameworks/SystemConfiguration.framework/Versions/A/SystemConfiguration
0x00007fff2a640000 	/usr/lib/libfakelink.dylib
0x00007fff247c4000 	/System/Library/Frameworks/CFNetwork.framework/Versions/A/CFNetwork
0x00007fff2a780000 	/usr/lib/libarchive.2.dylib
0x00007fff2101e000 	/usr/lib/libCRFSuite.dylib
0x00007fff29df1000 	/usr/lib/libbsm.0.dylib
0x00007fff2413d000 	/usr/lib/libnetwork.dylib
0x00007fff2a645000 	/usr/lib/libpcap.A.dylib
0x00007fff263a6000 	/usr/lib/libdns_services.dylib
0x00007fff2ace2000 	/usr/lib/libcoretls_cfhelpers.dylib
0x00007fff2a87f000 	/usr/lib/libapple_nghttp2.dylib
0x00007fff2a5d8000 	/usr/lib/system/libkxld.dylib
0x00007fff2601f000 	/usr/lib/libsqlite3.dylib
0x00007fff2a358000 	/System/Library/PrivateFrameworks/AppleFSCompression.framework/Versions/A/AppleFSCompression
0x00007fff29dd9000 	/usr/lib/libcoretls.dylib
0x00007fff2a8b0000 	/usr/lib/libpam.2.dylib
0x00007fff2ade0000 	/usr/lib/libxar.1.dylib
0x00007fff290db000 	/System/Library/PrivateFrameworks/AppleSystemInfo.framework/Versions/A/AppleSystemInfo
0x00007fff29a1b000 	/System/Library/PrivateFrameworks/IOMobileFramebuffer.framework/Versions/A/IOMobileFramebuffer
0x00007fff2a368000 	/usr/lib/libbz2.1.0.dylib
0x00007fff2a67d000 	/usr/lib/libiconv.2.dylib
0x00007fff2a5d1000 	/usr/lib/libcharset.1.dylib
0x00007fff27254000 	/System/Library/Frameworks/CoreServices.framework/Versions/A/Frameworks/FSEvents.framework/Versions/A/FSEvents
0x00007fff228b6000 	/System/Library/Frameworks/CoreServices.framework/Versions/A/Frameworks/CarbonCore.framework/Versions/A/CarbonCore
0x00007fff265c1000 	/System/Library/Frameworks/CoreServices.framework/Versions/A/Frameworks/Metadata.framework/Versions/A/Metadata
0x00007fff2a37a000 	/System/Library/Frameworks/CoreServices.framework/Versions/A/Frameworks/OSServices.framework/Versions/A/OSServices
0x00007fff2a7f2000 	/System/Library/Frameworks/CoreServices.framework/Versions/A/Frameworks/SearchKit.framework/Versions/A/SearchKit
0x00007fff26331000 	/System/Library/Frameworks/CoreServices.framework/Versions/A/Frameworks/AE.framework/Versions/A/AE
0x00007fff2097b000 	/System/Library/Frameworks/CoreServices.framework/Versions/A/Frameworks/LaunchServices.framework/Versions/A/LaunchServices
0x00007fff2ac79000 	/System/Library/Frameworks/CoreServices.framework/Versions/A/Frameworks/DictionaryServices.framework/Versions/A/DictionaryServices
0x00007fff27261000 	/System/Library/Frameworks/CoreServices.framework/Versions/A/Frameworks/SharedFileList.framework/Versions/A/SharedFileList
0x00007fff29dcd000 	/usr/lib/libCheckFix.dylib
0x00007fff24ce7000 	/System/Library/PrivateFrameworks/TCC.framework/Versions/A/TCC
0x00007fff290e1000 	/System/Library/PrivateFrameworks/CoreNLP.framework/Versions/A/CoreNLP
0x00007fff26574000 	/System/Library/PrivateFrameworks/MetadataUtilities.framework/Versions/A/MetadataUtilities
0x00007fff21053000 	/usr/lib/libmecabra.dylib
0x00007fff2a0d7000 	/System/Library/Frameworks/MLCompute.framework/Versions/A/MLCompute
0x00007fff29e02000 	/usr/lib/libmecab.dylib
0x00007fff29e4c000 	/usr/lib/libgermantok.dylib
0x00007fff2a85a000 	/usr/lib/libThaiTokenizer.dylib
0x00007fff2ae1b000 	/usr/lib/libChineseTokenizer.dylib
0x00007fff2a8ae000 	/System/Library/Frameworks/MetalPerformanceShaders.framework/Versions/A/MetalPerformanceShaders
0x00007fff26663000 	/System/Library/Frameworks/Accelerate.framework/Versions/A/Frameworks/vImage.framework/Versions/A/vImage
0x00007fff2ffb1000 	/System/Library/Frameworks/Accelerate.framework/Versions/A/Frameworks/vecLib.framework/Versions/A/vecLib
0x00007fff2ae26000 	/System/Library/Frameworks/Accelerate.framework/Versions/A/Frameworks/vecLib.framework/Versions/A/libvMisc.dylib
0x00007fff29836000 	/System/Library/Frameworks/Accelerate.framework/Versions/A/Frameworks/vecLib.framework/Versions/A/libvDSP.dylib
0x00007fff20c86000 	/System/Library/Frameworks/Accelerate.framework/Versions/A/Frameworks/vecLib.framework/Versions/A/libBLAS.dylib
0x00007fff2a8db000 	/System/Library/Frameworks/Accelerate.framework/Versions/A/Frameworks/vecLib.framework/Versions/A/libLAPACK.dylib
0x00007fff29e52000 	/System/Library/Frameworks/Accelerate.framework/Versions/A/Frameworks/vecLib.framework/Versions/A/libLinearAlgebra.dylib
0x00007fff2a897000 	/System/Library/Frameworks/Accelerate.framework/Versions/A/Frameworks/vecLib.framework/Versions/A/libSparseBLAS.dylib
0x00007fff2a8d5000 	/System/Library/Frameworks/Accelerate.framework/Versions/A/Frameworks/vecLib.framework/Versions/A/libQuadrature.dylib
0x00007fff2918d000 	/System/Library/Frameworks/Accelerate.framework/Versions/A/Frameworks/vecLib.framework/Versions/A/libBNNS.dylib
0x00007fff20f31000 	/System/Library/Frameworks/Accelerate.framework/Versions/A/Frameworks/vecLib.framework/Versions/A/libSparse.dylib
0x00007fff29069000 	/System/Library/Frameworks/MetalPerformanceShaders.framework/Versions/A/Frameworks/MPSCore.framework/Versions/A/MPSCore
0x00007fff2a2c7000 	/System/Library/Frameworks/MetalPerformanceShaders.framework/Versions/A/Frameworks/MPSImage.framework/Versions/A/MPSImage
0x00007fff29e68000 	/System/Library/Frameworks/MetalPerformanceShaders.framework/Versions/A/Frameworks/MPSNeuralNetwork.framework/Versions/A/MPSNeuralNetwork
0x00007fff2a239000 	/System/Library/Frameworks/MetalPerformanceShaders.framework/Versions/A/Frameworks/MPSMatrix.framework/Versions/A/MPSMatrix
0x00007fff2a087000 	/System/Library/Frameworks/MetalPerformanceShaders.framework/Versions/A/Frameworks/MPSRayIntersector.framework/Versions/A/MPSRayIntersector
0x00007fff2a270000 	/System/Library/Frameworks/MetalPerformanceShaders.framework/Versions/A/Frameworks/MPSNDArray.framework/Versions/A/MPSNDArray
0x00007fff20bb1000 	/System/Library/PrivateFrameworks/MetalTools.framework/Versions/A/MetalTools
0x00007fff290d9000 	/System/Library/PrivateFrameworks/AggregateDictionary.framework/Versions/A/AggregateDictionary
0x00007fff26541000 	/System/Library/PrivateFrameworks/CoreAnalytics.framework/Versions/A/CoreAnalytics
0x00007fff2a85c000 	/System/Library/PrivateFrameworks/AppleSauce.framework/Versions/A/AppleSauce
0x00007fff283df000 	/System/Library/PrivateFrameworks/IOAccelerator.framework/Versions/A/IOAccelerator
0x00007fff6bb38000 	/System/Library/Frameworks/OpenGL.framework/Versions/A/Libraries/libCoreFSCache.dylib
0x00007fff215eb000 	/System/Library/PrivateFrameworks/LanguageModeling.framework/Versions/A/LanguageModeling
0x00007fff29a09000 	/System/Library/PrivateFrameworks/CoreEmoji.framework/Versions/A/CoreEmoji
0x00007fff29186000 	/System/Library/PrivateFrameworks/LinguisticData.framework/Versions/A/LinguisticData
0x00007fff20ee3000 	/System/Library/PrivateFrameworks/Lexicon.framework/Versions/A/Lexicon
0x00007fff2a76e000 	/usr/lib/libcmph.dylib
0x00007fff27234000 	/System/Library/Frameworks/OpenDirectory.framework/Versions/A/Frameworks/CFOpenDirectory.framework/Versions/A/CFOpenDirectory
0x00007fff27224000 	/System/Library/Frameworks/OpenDirectory.framework/Versions/A/OpenDirectory
0x00007fff2ace4000 	/System/Library/PrivateFrameworks/APFS.framework/Versions/A/APFS
0x00007fff29d2f000 	/System/Library/Frameworks/SecurityFoundation.framework/Versions/A/SecurityFoundation
0x00007fff2adee000 	/usr/lib/libutil.dylib
0x00007fff22be1000 	/System/Library/PrivateFrameworks/CoreServicesStore.framework/Versions/A/CoreServicesStore
0x00007fff29dc5000 	/System/Library/Frameworks/ServiceManagement.framework/Versions/A/ServiceManagement
0x00007fff2adf2000 	/usr/lib/libxslt.1.dylib
0x00007fff29dbb000 	/System/Library/PrivateFrameworks/BackgroundTaskManagement.framework/Versions/A/BackgroundTaskManagement
0x00007fff2bda6000 	/System/Library/Frameworks/ImageIO.framework/Versions/A/Resources/libRadiance.dylib
0x00007fff2bdb0000 	/System/Library/Frameworks/ImageIO.framework/Versions/A/Resources/libJPEG.dylib
0x00007fff2bd00000 	/System/Library/Frameworks/ImageIO.framework/Versions/A/Resources/libPng.dylib
0x00007fff2bd21000 	/System/Library/Frameworks/ImageIO.framework/Versions/A/Resources/libTIFF.dylib
0x00007fff2be05000 	/System/Library/Frameworks/ImageIO.framework/Versions/A/Resources/libGIF.dylib
0x00007fff2ba52000 	/System/Library/Frameworks/ImageIO.framework/Versions/A/Resources/libJP2.dylib
0x00007fff2b16d000 	/usr/lib/libexpat.1.dylib
0x00007fff2ba08000 	/System/Library/PrivateFrameworks/AppleJPEG.framework/Versions/A/AppleJPEG
0x00007fff28615000 	/System/Library/PrivateFrameworks/FontServices.framework/libFontParser.dylib
0x00007fff262e8000 	/System/Library/PrivateFrameworks/RunningBoardServices.framework/Versions/A/RunningBoardServices
0x00007fff2bb32000 	/System/Library/PrivateFrameworks/WatchdogClient.framework/Versions/A/WatchdogClient
0x00007fff216d4000 	/System/Library/Frameworks/CoreDisplay.framework/Versions/A/CoreDisplay
0x00007fff2852a000 	/System/Library/Frameworks/CoreMedia.framework/Versions/A/CoreMedia
0x00007fff273b4000 	/System/Library/Frameworks/CoreVideo.framework/Versions/A/CoreVideo
0x00007fff2bb6d000 	/System/Library/Frameworks/VideoToolbox.framework/Versions/A/VideoToolbox
0x00007fff26268000 	/System/Library/PrivateFrameworks/BaseBoard.framework/Versions/A/BaseBoard
0x00007fff2b2b2000 	/System/Library/PrivateFrameworks/PersistentConnection.framework/Versions/A/PersistentConnection
0x00007fff26009000 	/System/Library/PrivateFrameworks/ProtocolBuffer.framework/Versions/A/ProtocolBuffer
0x00007fff26250000 	/System/Library/PrivateFrameworks/CommonUtilities.framework/Versions/A/CommonUtilities
0x00007fff2b9cb000 	/System/Library/PrivateFrameworks/Bom.framework/Versions/A/Bom
0x00007fff2bd9e000 	/System/Library/PrivateFrameworks/GPUWrangler.framework/Versions/A/GPUWrangler
0x00007fff2bd81000 	/System/Library/PrivateFrameworks/IOPresentment.framework/Versions/A/IOPresentment
0x00007fff2bdaa000 	/System/Library/PrivateFrameworks/DSExternalDisplay.framework/Versions/A/DSExternalDisplay
0x00007fff2be0a000 	/System/Library/PrivateFrameworks/CMCaptureCore.framework/Versions/A/CMCaptureCore
0x00007fff2b74e000 	/System/Library/PrivateFrameworks/AppServerSupport.framework/Versions/A/AppServerSupport
0x00007fff2d7e5000 	/System/Library/PrivateFrameworks/perfdata.framework/Versions/A/perfdata
0x00007fff29d1e000 	/System/Library/PrivateFrameworks/AssertionServices.framework/Versions/A/AssertionServices
0x00007fff2180b000 	/System/Library/PrivateFrameworks/AudioToolboxCore.framework/Versions/A/AudioToolboxCore
0x00007fff2850d000 	/System/Library/PrivateFrameworks/caulk.framework/Versions/A/caulk
0x00007fff3cc91000 	/System/Library/PrivateFrameworks/SystemPolicy.framework/Versions/A/SystemPolicy
0x00007fff2af7c000 	/usr/lib/libIOReport.dylib
0x00007fff2d021000 	/usr/lib/libSMC.dylib
0x00007fff2bccc000 	/usr/lib/libAudioToolboxUtility.dylib
0x00007fff3d5ee000 	/usr/lib/libmis.dylib
0x00007fff6bb94000 	/System/Library/Frameworks/OpenGL.framework/Versions/A/Libraries/libGLU.dylib
0x00007fff6bb57000 	/System/Library/Frameworks/OpenGL.framework/Versions/A/Libraries/libGFXShared.dylib
0x00007fff6bd65000 	/System/Library/Frameworks/OpenGL.framework/Versions/A/Libraries/libGL.dylib
0x00007fff6bb60000 	/System/Library/Frameworks/OpenGL.framework/Versions/A/Libraries/libGLImage.dylib
0x00007fff6bb54000 	/System/Library/Frameworks/OpenGL.framework/Versions/A/Libraries/libCVMSPluginSupport.dylib
0x00007fff6bb3f000 	/System/Library/Frameworks/OpenGL.framework/Versions/A/Libraries/libCoreVMClient.dylib
0x00007fff6d1af000 	/System/Library/Frameworks/OpenCL.framework/Versions/A/OpenCL
0x00007fff2b2db000 	/System/Library/PrivateFrameworks/GraphVisualizer.framework/Versions/A/GraphVisualizer
0x00007fff2b2ea000 	/System/Library/PrivateFrameworks/FaceCore.framework/Versions/A/FaceCore
0x00007fff2b706000 	/System/Library/PrivateFrameworks/OTSVG.framework/Versions/A/OTSVG
0x00007fff26fa9000 	/System/Library/Frameworks/ApplicationServices.framework/Versions/A/Frameworks/ATS.framework/Versions/A/Resources/libFontRegistry.dylib
0x00007fff2b755000 	/System/Library/PrivateFrameworks/FontServices.framework/libhvf.dylib
0x00007fff2b119000 	/System/Library/PrivateFrameworks/AppleVA.framework/Versions/A/AppleVA
0x00007fff2ce69000 	/System/Library/Frameworks/ApplicationServices.framework/Versions/A/Frameworks/ATS.framework/Versions/A/ATS
0x00007fff2d17c000 	/System/Library/Frameworks/ApplicationServices.framework/Versions/A/Frameworks/ColorSyncLegacy.framework/Versions/A/ColorSyncLegacy
0x00007fff257e7000 	/System/Library/Frameworks/ApplicationServices.framework/Versions/A/Frameworks/HIServices.framework/Versions/A/HIServices
0x00007fff2d161000 	/System/Library/Frameworks/ApplicationServices.framework/Versions/A/Frameworks/LangAnalysis.framework/Versions/A/LangAnalysis
0x00007fff2be14000 	/System/Library/Frameworks/ApplicationServices.framework/Versions/A/Frameworks/PrintCore.framework/Versions/A/PrintCore
0x00007fff2d184000 	/System/Library/Frameworks/ApplicationServices.framework/Versions/A/Frameworks/QD.framework/Versions/A/QD
0x00007fff2ce59000 	/System/Library/Frameworks/ApplicationServices.framework/Versions/A/Frameworks/SpeechSynthesis.framework/Versions/A/SpeechSynthesis
0x00007fff2bdd5000 	/System/Library/Frameworks/ApplicationServices.framework/Versions/A/Frameworks/ATSUI.framework/Versions/A/ATSUI
0x00007fff2d101000 	/usr/lib/libcups.2.dylib
0x00007fff2d171000 	/System/Library/PrivateFrameworks/NetAuth.framework/Versions/A/NetAuth
0x00007fff2d800000 	/System/Library/Frameworks/Kerberos.framework/Versions/A/Kerberos
0x00007fff2d810000 	/System/Library/Frameworks/GSS.framework/Versions/A/GSS
0x00007fff2ced6000 	/usr/lib/libresolv.9.dylib
0x00007fff2b76b000 	/System/Library/PrivateFrameworks/Heimdal.framework/Versions/A/Heimdal
0x00007fff334c7000 	/System/Library/Frameworks/Kerberos.framework/Versions/A/Libraries/libHeimdalProxy.dylib
0x00007fff263b5000 	/System/Library/Frameworks/Network.framework/Versions/A/Network
0x00007fff2b187000 	/usr/lib/libheimdal-asn1.dylib
0x00007fff2d861000 	/System/Library/PrivateFrameworks/CommonAuth.framework/Versions/A/CommonAuth
0x00007fff27402000 	/System/Library/PrivateFrameworks/login.framework/Versions/A/Frameworks/loginsupport.framework/Versions/A/loginsupport
0x00007fff2cde0000 	/System/Library/PrivateFrameworks/AudioSession.framework/Versions/A/AudioSession
0x00007fff2ce46000 	/usr/lib/libAudioStatistics.dylib
0x00007fff2b213000 	/System/Library/PrivateFrameworks/MediaExperience.framework/Versions/A/MediaExperience
0x00007fff2cc79000 	/System/Library/PrivateFrameworks/AudioSession.framework/libSessionUtility.dylib
0x00007fff2d7f1000 	/usr/lib/libperfcheck.dylib
0x00007fff2d190000 	/System/Library/PrivateFrameworks/AudioResourceArbitration.framework/Versions/A/AudioResourceArbitration
0x00007fff2b191000 	/System/Library/PrivateFrameworks/IconFoundation.framework/Versions/A/IconFoundation
0x00007fff2fc94000 	/System/Library/PrivateFrameworks/SpeechRecognitionCore.framework/Versions/A/SpeechRecognitionCore
0x0000000108000000 	/Users/ndiagadiop/Library/Java/JavaVirtualMachines/openjdk-17/Contents/Home/lib/server/libjvm.dylib
0x0000000105b71000 	/Users/ndiagadiop/Library/Java/JavaVirtualMachines/openjdk-17/Contents/Home/lib/libjimage.dylib
0x0000000105b83000 	/Users/ndiagadiop/Library/Java/JavaVirtualMachines/openjdk-17/Contents/Home/lib/libinstrument.dylib
0x0000000105b97000 	/Users/ndiagadiop/Library/Java/JavaVirtualMachines/openjdk-17/Contents/Home/lib/libjava.dylib
0x0000000105e47000 	/Users/ndiagadiop/Library/Java/JavaVirtualMachines/openjdk-17/Contents/Home/lib/libzip.dylib
0x0000000105e5b000 	/Users/ndiagadiop/Library/Java/JavaVirtualMachines/openjdk-17/Contents/Home/lib/libnio.dylib
0x0000000105e77000 	/Users/ndiagadiop/Library/Java/JavaVirtualMachines/openjdk-17/Contents/Home/lib/libnet.dylib
0x0000000105e97000 	/Users/ndiagadiop/Library/Java/JavaVirtualMachines/openjdk-17/Contents/Home/lib/libextnet.dylib
0x0000000105ea7000 	/Users/ndiagadiop/Library/Java/JavaVirtualMachines/openjdk-17/Contents/Home/lib/libawt.dylib
0x0000000113c00000 	/Users/ndiagadiop/Library/Java/JavaVirtualMachines/openjdk-17/Contents/Home/lib/libmlib_image.dylib
0x00007fff6eaf4000 	/System/Library/Frameworks/JavaRuntimeSupport.framework/Versions/A/JavaRuntimeSupport
0x00007fff3c9db000 	/System/Library/Frameworks/Carbon.framework/Versions/A/Carbon
0x00007fff31b05000 	/System/Library/PrivateFrameworks/CoreSymbolication.framework/Versions/A/CoreSymbolication
0x00007fff36472000 	/System/Library/Frameworks/Carbon.framework/Versions/A/Frameworks/CommonPanels.framework/Versions/A/CommonPanels
0x00007fff32f5c000 	/System/Library/Frameworks/Carbon.framework/Versions/A/Frameworks/Help.framework/Versions/A/Help
0x00007fff36476000 	/System/Library/Frameworks/Carbon.framework/Versions/A/Frameworks/ImageCapture.framework/Versions/A/ImageCapture
0x00007fff36446000 	/System/Library/Frameworks/Carbon.framework/Versions/A/Frameworks/OpenScripting.framework/Versions/A/OpenScripting
0x00007fff3646e000 	/System/Library/Frameworks/Carbon.framework/Versions/A/Frameworks/Ink.framework/Versions/A/Ink
0x00007fff3c9d7000 	/System/Library/Frameworks/Carbon.framework/Versions/A/Frameworks/Print.framework/Versions/A/Print
0x00007fff3646a000 	/System/Library/Frameworks/Carbon.framework/Versions/A/Frameworks/SecurityHI.framework/Versions/A/SecurityHI
0x00007fff31ac9000 	/System/Library/PrivateFrameworks/DebugSymbols.framework/Versions/A/DebugSymbols
0x0000000113c9c000 	/Users/ndiagadiop/Library/Java/JavaVirtualMachines/openjdk-17/Contents/Home/lib/libawt_lwawt.dylib
0x0000000105f67000 	/Users/ndiagadiop/Library/Java/JavaVirtualMachines/openjdk-17/Contents/Home/lib/libosxapp.dylib
0x00007fff3bff2000 	/System/Library/Frameworks/ExceptionHandling.framework/Versions/A/ExceptionHandling
0x0000000113db4000 	/Users/ndiagadiop/Library/Java/JavaVirtualMachines/openjdk-17/Contents/Home/lib/libfontmanager.dylib
0x0000000113f44000 	/Users/ndiagadiop/Library/Java/JavaVirtualMachines/openjdk-17/Contents/Home/lib/libfreetype.dylib
0x00007fff22ba2000 	/System/Library/PrivateFrameworks/CoreServicesInternal.framework/Versions/A/CoreServicesInternal
0x00007fff3101b000 	/System/Library/Frameworks/FileProvider.framework/Versions/A/FileProvider
0x00007fff261d3000 	/System/Library/Frameworks/Accounts.framework/Versions/A/Accounts
0x00007fff3116b000 	/System/Library/PrivateFrameworks/GenerationalStorage.framework/Versions/A/GenerationalStorage
0x00007fff30a3b000 	/System/Library/PrivateFrameworks/SymptomDiagnosticReporter.framework/Versions/A/SymptomDiagnosticReporter
0x00007fff23cd3000 	/System/Library/PrivateFrameworks/DesktopServicesPriv.framework/Versions/A/DesktopServicesPriv
0x00007fff22cd7000 	/usr/lib/libsandbox.1.dylib
0x00007fff2742d000 	/System/Library/PrivateFrameworks/UserManagement.framework/Versions/A/UserManagement
0x00007fff29cfb000 	/System/Library/PrivateFrameworks/MobileKeyBag.framework/Versions/A/MobileKeyBag
0x00007fff3454a000 	/System/Library/PrivateFrameworks/ChunkingLibrary.framework/Versions/A/ChunkingLibrary
0x00007fff2e224000 	/System/Library/PrivateFrameworks/Sharing.framework/Versions/A/Sharing
0x00007fff32ac9000 	/System/Library/PrivateFrameworks/Apple80211.framework/Versions/A/Apple80211
0x00007fff2a3a8000 	/System/Library/PrivateFrameworks/AuthKit.framework/Versions/A/AuthKit
0x00007fff29af9000 	/System/Library/PrivateFrameworks/CoreUtils.framework/Versions/A/CoreUtils
0x00007fff29a26000 	/System/Library/Frameworks/CoreWLAN.framework/Versions/A/CoreWLAN
0x00007fff2e370000 	/System/Library/Frameworks/IOBluetooth.framework/Versions/A/IOBluetooth
0x00007fff32b2d000 	/System/Library/PrivateFrameworks/CoreWiFi.framework/Versions/A/CoreWiFi
0x00007fff2d8e7000 	/System/Library/PrivateFrameworks/CorePhoneNumbers.framework/Versions/A/CorePhoneNumbers
0x00007fff30b42000 	/System/Library/PrivateFrameworks/DiskManagement.framework/Versions/A/DiskManagement
0x00007fff30a58000 	/System/Library/PrivateFrameworks/AppleIDAuthSupport.framework/Versions/A/AppleIDAuthSupport
0x00007fff2d8c7000 	/System/Library/PrivateFrameworks/KeychainCircle.framework/Versions/A/KeychainCircle
0x00007fff30b0e000 	/System/Library/PrivateFrameworks/MediaKit.framework/Versions/A/MediaKit
0x00007fff30a65000 	/System/Library/Frameworks/DiscRecording.framework/Versions/A/DiscRecording
0x00007fff2b08d000 	/usr/lib/libCoreStorage.dylib
0x00007fff32f68000 	/usr/lib/libcsfde.dylib
0x00007fff2e4ab000 	/System/Library/PrivateFrameworks/ProtectedCloudStorage.framework/Versions/A/ProtectedCloudStorage
0x00007fff32f60000 	/System/Library/PrivateFrameworks/EFILogin.framework/Versions/A/EFILogin
0x00007fff3357a000 	/System/Library/Frameworks/AudioUnit.framework/Versions/A/AudioUnit
0x00007fff309d5000 	/System/Library/Frameworks/CoreBluetooth.framework/Versions/A/CoreBluetooth
0x00007fff2b085000 	/usr/lib/libMatch.1.dylib
0x00007fff43862000 	/System/Library/CoreServices/RawCamera.bundle/Contents/MacOS/RawCamera
0x00007fff2d872000 	/System/Library/PrivateFrameworks/MobileAsset.framework/Versions/A/MobileAsset
0x00007fff3359e000 	/System/Library/PrivateFrameworks/StreamingZip.framework/Versions/A/StreamingZip
0x00007fff2c00c000 	/System/Library/Frameworks/MediaToolbox.framework/Versions/A/MediaToolbox
0x00007fff30fed000 	/System/Library/PrivateFrameworks/CoreAVCHD.framework/Versions/A/CoreAVCHD
0x00007fff301d4000 	/System/Library/Frameworks/MediaAccessibility.framework/Versions/A/MediaAccessibility
0x00007fff30fe9000 	/System/Library/PrivateFrameworks/Mangrove.framework/Versions/A/Mangrove
0x00007fff301e0000 	/System/Library/PrivateFrameworks/AlgosScoreFramework.framework/Versions/A/AlgosScoreFramework
0x00007fff319d7000 	/System/Library/PrivateFrameworks/AppleVPA.framework/Versions/A/AppleVPA
0x00007fff30c2e000 	/System/Library/PrivateFrameworks/CoreAUC.framework/Versions/A/CoreAUC
0x00007fff412b5000 	/System/Library/Frameworks/Accelerate.framework/Versions/A/Frameworks/vImage.framework/Versions/A/Libraries/libCGInterfaces.dylib
0x00000001147dc000 	/usr/lib/libobjc-trampolines.dylib
0x00007fff2712c000 	/System/Library/PrivateFrameworks/ViewBridge.framework/Versions/A/ViewBridge
0x00007fff6bd70000 	/System/Library/Frameworks/OpenGL.framework/Versions/A/Resources/GLEngine.bundle/GLEngine
0x00007fff6bbd1000 	/System/Library/Frameworks/OpenGL.framework/Versions/A/Libraries/libGLProgrammability.dylib
0x00007fff6378f000 	/System/Library/Extensions/AppleIntelBDWGraphicsGLDriver.bundle/Contents/MacOS/AppleIntelBDWGraphicsGLDriver
0x00007fff463a8000 	/System/Library/PrivateFrameworks/GPUSupport.framework/Versions/A/Libraries/libGPUSupportMercury.dylib
0x00007fff6beee000 	/System/Library/Frameworks/OpenGL.framework/Versions/A/Resources/GLRendererFloat.bundle/GLRendererFloat
0x00007fff2b82c000 	/System/Library/PrivateFrameworks/login.framework/Versions/A/login
0x00000001370d2000 	/Users/ndiagadiop/Library/Java/JavaVirtualMachines/openjdk-17/Contents/Home/lib/libosxui.dylib
0x00007fff779e3000 	/usr/lib/libRosetta.dylib


VM Arguments:
jvm_args: -javaagent:/Applications/IntelliJ IDEA CE.app/Contents/lib/idea_rt.jar=50076:/Applications/IntelliJ IDEA CE.app/Contents/bin -Dfile.encoding=UTF-8 
java_command: javaCalculator
java_class_path (initial): /Users/ndiagadiop/IdeaProjects/MyCalculator/out/production/MyCalculator
Launcher Type: SUN_STANDARD

[Global flags]
     intx CICompilerCount                          = 3                                         {product} {ergonomic}
     uint ConcGCThreads                            = 1                                         {product} {ergonomic}
     uint G1ConcRefinementThreads                  = 4                                         {product} {ergonomic}
   size_t G1HeapRegionSize                         = 1048576                                   {product} {ergonomic}
    uintx GCDrainStackTargetSize                   = 64                                        {product} {ergonomic}
   size_t InitialHeapSize                          = 134217728                                 {product} {ergonomic}
   size_t MarkStackSize                            = 4194304                                   {product} {ergonomic}
   size_t MaxHeapSize                              = 2147483648                                {product} {ergonomic}
   size_t MaxNewSize                               = 1287651328                                {product} {ergonomic}
   size_t MinHeapDeltaBytes                        = 1048576                                   {product} {ergonomic}
   size_t MinHeapSize                              = 8388608                                   {product} {ergonomic}
    uintx NonNMethodCodeHeapSize                   = 5832780                                {pd product} {ergonomic}
    uintx NonProfiledCodeHeapSize                  = 122912730                              {pd product} {ergonomic}
    uintx ProfiledCodeHeapSize                     = 122912730                              {pd product} {ergonomic}
    uintx ReservedCodeCacheSize                    = 251658240                              {pd product} {ergonomic}
     bool SegmentedCodeCache                       = true                                      {product} {ergonomic}
   size_t SoftMaxHeapSize                          = 2147483648                             {manageable} {ergonomic}
     bool UseCompressedClassPointers               = true                           {product lp64_product} {ergonomic}
     bool UseCompressedOops                        = true                           {product lp64_product} {ergonomic}
     bool UseG1GC                                  = true                                      {product} {ergonomic}
     bool UseNUMA                                  = false                                     {product} {ergonomic}
     bool UseNUMAInterleaving                      = false                                     {product} {ergonomic}

Logging:
Log output configuration:
 #0: stdout all=warning uptime,level,tags
 #1: stderr all=off uptime,level,tags

Environment Variables:
PATH=/usr/local/bin:/usr/bin:/bin:/usr/sbin:/sbin
SHELL=/bin/bash
LC_CTYPE=en_US.UTF-8

Signal Handlers:
   SIGSEGV: _ZL13crash_handleriP9__siginfoPv in libjvm.dylib, mask=11100110000111110111111111111111, flags=SA_RESTART|SA_SIGINFO
    SIGBUS: _ZL13crash_handleriP9__siginfoPv in libjvm.dylib, mask=11100110000111110111111111111111, flags=SA_RESTART|SA_SIGINFO
    SIGFPE: _ZL13crash_handleriP9__siginfoPv in libjvm.dylib, mask=11100110000111110111111111111111, flags=SA_RESTART|SA_SIGINFO
   SIGPIPE: _ZL17javaSignalHandleriP9__siginfoPv in libjvm.dylib, mask=11100110000111110111111111111111, flags=SA_RESTART|SA_SIGINFO
   SIGXFSZ: _ZL17javaSignalHandleriP9__siginfoPv in libjvm.dylib, mask=11100110000111110111111111111111, flags=SA_RESTART|SA_SIGINFO
    SIGILL: _ZL13crash_handleriP9__siginfoPv in libjvm.dylib, mask=11100110000111110111111111111111, flags=SA_RESTART|SA_SIGINFO
   SIGUSR2: _ZL10SR_handleriP9__siginfoP17__darwin_ucontext in libjvm.dylib, mask=00100000000000000000000000000000, flags=SA_RESTART|SA_SIGINFO
    SIGHUP: _ZL11UserHandleriPvS_ in libjvm.dylib, mask=11100110000111110111111111111111, flags=SA_RESTART|SA_SIGINFO
    SIGINT: _ZL11UserHandleriPvS_ in libjvm.dylib, mask=11100110000111110111111111111111, flags=SA_RESTART|SA_SIGINFO
   SIGTERM: _ZL11UserHandleriPvS_ in libjvm.dylib, mask=11100110000111110111111111111111, flags=SA_RESTART|SA_SIGINFO
   SIGQUIT: _ZL11UserHandleriPvS_ in libjvm.dylib, mask=11100110000111110111111111111111, flags=SA_RESTART|SA_SIGINFO
   SIGTRAP: _ZL13crash_handleriP9__siginfoPv in libjvm.dylib, mask=11100110000111110111111111111111, flags=SA_RESTART|SA_SIGINFO


---------------  S Y S T E M  ---------------

OS:
uname: Darwin 20.6.0 Darwin Kernel Version 20.6.0: Mon Aug 30 06:12:21 PDT 2021; root:xnu-7195.141.6~3/RELEASE_X86_64 x86_64
OS uptime: 0 days 10:48 hours
rlimit (soft/hard): STACK 8192k/65532k , CORE 0k/infinity , NPROC 1392/2088 , NOFILE 10240/infinity , AS infinity/infinity , CPU infinity/infinity , DATA infinity/infinity , FSIZE infinity/infinity , MEMLOCK infinity/infinity , RSS infinity/infinity
load average: 1.54 1.83 1.79

CPU: total 4 (initial active 4) (2 cores per cpu, 2 threads per core) family 6 model 61 stepping 4 microcode 0x2f, cx8, cmov, fxsr, ht, mmx, 3dnowpref, sse, sse2, sse3, ssse3, sse4.1, sse4.2, popcnt, lzcnt, tsc, tscinvbit, avx, avx2, aes, erms, clmul, bmi1, bmi2, rtm, adx, fma, vzeroupper, clflush

Memory: 4k page, physical 8388608k(173416k free), swap 1048576k(1027328k free)

vm_info: OpenJDK 64-Bit Server VM (17+35-2724) for bsd-amd64 JRE (17+35-2724), built on Aug  5 2021 22:31:25 by "mach5one" with clang Apple LLVM 12.0.0 (clang-1200.0.32.29)

END.
